%<S 360:1381126287841 "E"
%<S "O:eu.fittest.actionscript.automation::RecordEvent"
%<P
%<{ I=0:ID }%>
%<{ targetID="IDY_myphonenr1":String }%>
%<{ type="click":String }%>
%<{ args=> }%>
%>
%<S "O:Array"
%<P
%<{ I=1:ID }%>
%>
%>
%>
%<S "O:AppAbstractState"
%<P
%<{ I=2:ID }%>
%<{ numOfSelectedItems=18:int }%>
%<{ numInShopCart=0:int }%>
%<{ cartCurrency="$":String }%>
%<{ cartTotal="$0.00":String }%>
%<{ numInCompareCart=0:int }%>
%<{ selectedProduct=-1:int }%>
%<{ catalogContents=> }%>
%>
%<S "O:Array"
%<P
%<{ I=3:ID }%>
%<{ elem=18:int }%>
%<{ elem=11:int }%>
%<{ elem=4:int }%>
%<{ elem=15:int }%>
%<{ elem=8:int }%>
%<{ elem=1:int }%>
%<{ elem=12:int }%>
%<{ elem=5:int }%>
%<{ elem=16:int }%>
%<{ elem=9:int }%>
%<{ elem=2:int }%>
%<{ elem=13:int }%>
%<{ elem=6:int }%>
%<{ elem=17:int }%>
%<{ elem=10:int }%>
%<{ elem=3:int }%>
%<{ elem=14:int }%>
%<{ elem=7:int }%>
%>
%>
%<P
%<{ shoppingCartContents=> }%>
%>
%<S "O:Array"
%<P
%<{ I=4:ID }%>
%>
%>
%<P
%<{ compareCartContents=> }%>
%>
%<S "O:Array"
%<P
%<{ I=5:ID }%>
%>
%>
%>
%>
%<S 360:1381126289113 "E"
%<S "O:eu.fittest.actionscript.automation::RecordEvent"
%<P
%<{ I=0:ID }%>
%<{ targetID="IDY_myphonenr1":String }%>
%<{ type="click":String }%>
%<{ args=> }%>
%>
%<S "O:Array"
%<P
%<{ I=1:ID }%>
%>
%>
%>
%<S "O:AppAbstractState"
%<P
%<{ I=2:ID }%>
%<{ numOfSelectedItems=18:int }%>
%<{ numInShopCart=0:int }%>
%<{ cartCurrency="$":String }%>
%<{ cartTotal="$0.00":String }%>
%<{ numInCompareCart=0:int }%>
%<{ selectedProduct=-1:int }%>
%<{ catalogContents=> }%>
%>
%<S "O:Array"
%<P
%<{ I=3:ID }%>
%<{ elem=18:int }%>
%<{ elem=11:int }%>
%<{ elem=4:int }%>
%<{ elem=15:int }%>
%<{ elem=8:int }%>
%<{ elem=1:int }%>
%<{ elem=12:int }%>
%<{ elem=5:int }%>
%<{ elem=16:int }%>
%<{ elem=9:int }%>
%<{ elem=2:int }%>
%<{ elem=13:int }%>
%<{ elem=6:int }%>
%<{ elem=17:int }%>
%<{ elem=10:int }%>
%<{ elem=3:int }%>
%<{ elem=14:int }%>
%<{ elem=7:int }%>
%>
%>
%<P
%<{ shoppingCartContents=> }%>
%>
%<S "O:Array"
%<P
%<{ I=4:ID }%>
%>
%>
%<P
%<{ compareCartContents=> }%>
%>
%<S "O:Array"
%<P
%<{ I=5:ID }%>
%>
%>
%>
%>
%<S 360:1381126294116 "E"
%<S "O:eu.fittest.actionscript.automation::RecordEvent"
%<P
%<{ I=0:ID }%>
%<{ targetID="IDY_myphonenr1":String }%>
%<{ type="type":String }%>
%<{ args=> }%>
%>
%<S "O:Array"
%<P
%<{ I=1:ID }%>
%<{ elem="6671":String }%>
%>
%>
%>
%<S "O:AppAbstractState"
%<P
%<{ I=2:ID }%>
%<{ numOfSelectedItems=18:int }%>
%<{ numInShopCart=0:int }%>
%<{ cartCurrency="$":String }%>
%<{ cartTotal="$0.00":String }%>
%<{ numInCompareCart=0:int }%>
%<{ selectedProduct=-1:int }%>
%<{ catalogContents=> }%>
%>
%<S "O:Array"
%<P
%<{ I=3:ID }%>
%<{ elem=18:int }%>
%<{ elem=11:int }%>
%<{ elem=4:int }%>
%<{ elem=15:int }%>
%<{ elem=8:int }%>
%<{ elem=1:int }%>
%<{ elem=12:int }%>
%<{ elem=5:int }%>
%<{ elem=16:int }%>
%<{ elem=9:int }%>
%<{ elem=2:int }%>
%<{ elem=13:int }%>
%<{ elem=6:int }%>
%<{ elem=17:int }%>
%<{ elem=10:int }%>
%<{ elem=3:int }%>
%<{ elem=14:int }%>
%<{ elem=7:int }%>
%>
%>
%<P
%<{ shoppingCartContents=> }%>
%>
%<S "O:Array"
%<P
%<{ I=4:ID }%>
%>
%>
%<P
%<{ compareCartContents=> }%>
%>
%<S "O:Array"
%<P
%<{ I=5:ID }%>
%>
%>
%>
%>
%<S 360:1381126295748 "E"
%<S "O:eu.fittest.actionscript.automation::RecordEvent"
%<P
%<{ I=0:ID }%>
%<{ targetID="IDY_myphonenr1":String }%>
%<{ type="type":String }%>
%<{ args=> }%>
%>
%<S "O:Array"
%<P
%<{ I=1:ID }%>
%<{ elem="667154":String }%>
%>
%>
%>
%<S "O:AppAbstractState"
%<P
%<{ I=2:ID }%>
%<{ numOfSelectedItems=18:int }%>
%<{ numInShopCart=0:int }%>
%<{ cartCurrency="$":String }%>
%<{ cartTotal="$0.00":String }%>
%<{ numInCompareCart=0:int }%>
%<{ selectedProduct=-1:int }%>
%<{ catalogContents=> }%>
%>
%<S "O:Array"
%<P
%<{ I=3:ID }%>
%<{ elem=18:int }%>
%<{ elem=11:int }%>
%<{ elem=4:int }%>
%<{ elem=15:int }%>
%<{ elem=8:int }%>
%<{ elem=1:int }%>
%<{ elem=12:int }%>
%<{ elem=5:int }%>
%<{ elem=16:int }%>
%<{ elem=9:int }%>
%<{ elem=2:int }%>
%<{ elem=13:int }%>
%<{ elem=6:int }%>
%<{ elem=17:int }%>
%<{ elem=10:int }%>
%<{ elem=3:int }%>
%<{ elem=14:int }%>
%<{ elem=7:int }%>
%>
%>
%<P
%<{ shoppingCartContents=> }%>
%>
%<S "O:Array"
%<P
%<{ I=4:ID }%>
%>
%>
%<P
%<{ compareCartContents=> }%>
%>
%<S "O:Array"
%<P
%<{ I=5:ID }%>
%>
%>
%>
%>
%<S 360:1381126297781 "E"
%<S "O:eu.fittest.actionscript.automation::RecordEvent"
%<P
%<{ I=0:ID }%>
%<{ targetID="IDY_myphonenr1":String }%>
%<{ type="type":String }%>
%<{ args=> }%>
%>
%<S "O:Array"
%<P
%<{ I=1:ID }%>
%<{ elem="":String }%>
%>
%>
%>
%<S "O:AppAbstractState"
%<P
%<{ I=2:ID }%>
%<{ numOfSelectedItems=18:int }%>
%<{ numInShopCart=0:int }%>
%<{ cartCurrency="$":String }%>
%<{ cartTotal="$0.00":String }%>
%<{ numInCompareCart=0:int }%>
%<{ selectedProduct=-1:int }%>
%<{ catalogContents=> }%>
%>
%<S "O:Array"
%<P
%<{ I=3:ID }%>
%<{ elem=18:int }%>
%<{ elem=11:int }%>
%<{ elem=4:int }%>
%<{ elem=15:int }%>
%<{ elem=8:int }%>
%<{ elem=1:int }%>
%<{ elem=12:int }%>
%<{ elem=5:int }%>
%<{ elem=16:int }%>
%<{ elem=9:int }%>
%<{ elem=2:int }%>
%<{ elem=13:int }%>
%<{ elem=6:int }%>
%<{ elem=17:int }%>
%<{ elem=10:int }%>
%<{ elem=3:int }%>
%<{ elem=14:int }%>
%<{ elem=7:int }%>
%>
%>
%<P
%<{ shoppingCartContents=> }%>
%>
%<S "O:Array"
%<P
%<{ I=4:ID }%>
%>
%>
%<P
%<{ compareCartContents=> }%>
%>
%<S "O:Array"
%<P
%<{ I=5:ID }%>
%>
%>
%>
%>
%<S 360:1381126299733 "E"
%<S "O:eu.fittest.actionscript.automation::RecordEvent"
%<P
%<{ I=0:ID }%>
%<{ targetID="IDY_myphonenr2":String }%>
%<{ type="click":String }%>
%<{ args=> }%>
%>
%<S "O:Array"
%<P
%<{ I=1:ID }%>
%>
%>
%>
%<S "O:AppAbstractState"
%<P
%<{ I=2:ID }%>
%<{ numOfSelectedItems=18:int }%>
%<{ numInShopCart=0:int }%>
%<{ cartCurrency="$":String }%>
%<{ cartTotal="$0.00":String }%>
%<{ numInCompareCart=0:int }%>
%<{ selectedProduct=-1:int }%>
%<{ catalogContents=> }%>
%>
%<S "O:Array"
%<P
%<{ I=3:ID }%>
%<{ elem=18:int }%>
%<{ elem=11:int }%>
%<{ elem=4:int }%>
%<{ elem=15:int }%>
%<{ elem=8:int }%>
%<{ elem=1:int }%>
%<{ elem=12:int }%>
%<{ elem=5:int }%>
%<{ elem=16:int }%>
%<{ elem=9:int }%>
%<{ elem=2:int }%>
%<{ elem=13:int }%>
%<{ elem=6:int }%>
%<{ elem=17:int }%>
%<{ elem=10:int }%>
%<{ elem=3:int }%>
%<{ elem=14:int }%>
%<{ elem=7:int }%>
%>
%>
%<P
%<{ shoppingCartContents=> }%>
%>
%<S "O:Array"
%<P
%<{ I=4:ID }%>
%>
%>
%<P
%<{ compareCartContents=> }%>
%>
%<S "O:Array"
%<P
%<{ I=5:ID }%>
%>
%>
%>
%>
%<S 360:1381126302127 "E"
%<S "O:eu.fittest.actionscript.automation::RecordEvent"
%<P
%<{ I=0:ID }%>
%<{ targetID="IDY_myphonenr1":String }%>
%<{ type="click":String }%>
%<{ args=> }%>
%>
%<S "O:Array"
%<P
%<{ I=1:ID }%>
%>
%>
%>
%<S "O:AppAbstractState"
%<P
%<{ I=2:ID }%>
%<{ numOfSelectedItems=18:int }%>
%<{ numInShopCart=0:int }%>
%<{ cartCurrency="$":String }%>
%<{ cartTotal="$0.00":String }%>
%<{ numInCompareCart=0:int }%>
%<{ selectedProduct=-1:int }%>
%<{ catalogContents=> }%>
%>
%<S "O:Array"
%<P
%<{ I=3:ID }%>
%<{ elem=18:int }%>
%<{ elem=11:int }%>
%<{ elem=4:int }%>
%<{ elem=15:int }%>
%<{ elem=8:int }%>
%<{ elem=1:int }%>
%<{ elem=12:int }%>
%<{ elem=5:int }%>
%<{ elem=16:int }%>
%<{ elem=9:int }%>
%<{ elem=2:int }%>
%<{ elem=13:int }%>
%<{ elem=6:int }%>
%<{ elem=17:int }%>
%<{ elem=10:int }%>
%<{ elem=3:int }%>
%<{ elem=14:int }%>
%<{ elem=7:int }%>
%>
%>
%<P
%<{ shoppingCartContents=> }%>
%>
%<S "O:Array"
%<P
%<{ I=4:ID }%>
%>
%>
%<P
%<{ compareCartContents=> }%>
%>
%<S "O:Array"
%<P
%<{ I=5:ID }%>
%>
%>
%>
%>
%<S 360:1381126302312 "E"
%<S "O:eu.fittest.actionscript.automation::RecordEvent"
%<P
%<{ I=0:ID }%>
%<{ targetID="IDY_myphonenr1":String }%>
%<{ type="click":String }%>
%<{ args=> }%>
%>
%<S "O:Array"
%<P
%<{ I=1:ID }%>
%>
%>
%>
%<S "O:AppAbstractState"
%<P
%<{ I=2:ID }%>
%<{ numOfSelectedItems=18:int }%>
%<{ numInShopCart=0:int }%>
%<{ cartCurrency="$":String }%>
%<{ cartTotal="$0.00":String }%>
%<{ numInCompareCart=0:int }%>
%<{ selectedProduct=-1:int }%>
%<{ catalogContents=> }%>
%>
%<S "O:Array"
%<P
%<{ I=3:ID }%>
%<{ elem=18:int }%>
%<{ elem=11:int }%>
%<{ elem=4:int }%>
%<{ elem=15:int }%>
%<{ elem=8:int }%>
%<{ elem=1:int }%>
%<{ elem=12:int }%>
%<{ elem=5:int }%>
%<{ elem=16:int }%>
%<{ elem=9:int }%>
%<{ elem=2:int }%>
%<{ elem=13:int }%>
%<{ elem=6:int }%>
%<{ elem=17:int }%>
%<{ elem=10:int }%>
%<{ elem=3:int }%>
%<{ elem=14:int }%>
%<{ elem=7:int }%>
%>
%>
%<P
%<{ shoppingCartContents=> }%>
%>
%<S "O:Array"
%<P
%<{ I=4:ID }%>
%>
%>
%<P
%<{ compareCartContents=> }%>
%>
%<S "O:Array"
%<P
%<{ I=5:ID }%>
%>
%>
%>
%>
%<S 360:1381126304905 "E"
%<S "O:eu.fittest.actionscript.automation::RecordEvent"
%<P
%<{ I=0:ID }%>
%<{ targetID="IDY_searchproduct":String }%>
%<{ type="click":String }%>
%<{ args=> }%>
%>
%<S "O:Array"
%<P
%<{ I=1:ID }%>
%>
%>
%>
%<S "O:AppAbstractState"
%<P
%<{ I=2:ID }%>
%<{ numOfSelectedItems=18:int }%>
%<{ numInShopCart=0:int }%>
%<{ cartCurrency="$":String }%>
%<{ cartTotal="$0.00":String }%>
%<{ numInCompareCart=0:int }%>
%<{ selectedProduct=-1:int }%>
%<{ catalogContents=> }%>
%>
%<S "O:Array"
%<P
%<{ I=3:ID }%>
%<{ elem=18:int }%>
%<{ elem=11:int }%>
%<{ elem=4:int }%>
%<{ elem=15:int }%>
%<{ elem=8:int }%>
%<{ elem=1:int }%>
%<{ elem=12:int }%>
%<{ elem=5:int }%>
%<{ elem=16:int }%>
%<{ elem=9:int }%>
%<{ elem=2:int }%>
%<{ elem=13:int }%>
%<{ elem=6:int }%>
%<{ elem=17:int }%>
%<{ elem=10:int }%>
%<{ elem=3:int }%>
%<{ elem=14:int }%>
%<{ elem=7:int }%>
%>
%>
%<P
%<{ shoppingCartContents=> }%>
%>
%<S "O:Array"
%<P
%<{ I=4:ID }%>
%>
%>
%<P
%<{ compareCartContents=> }%>
%>
%<S "O:Array"
%<P
%<{ I=5:ID }%>
%>
%>
%>
%>
%<S 360:1381126311839 "E"
%<S "O:eu.fittest.actionscript.automation::RecordEvent"
%<P
%<{ I=0:ID }%>
%<{ targetID="IDY_pwd":String }%>
%<{ type="click":String }%>
%<{ args=> }%>
%>
%<S "O:Array"
%<P
%<{ I=1:ID }%>
%>
%>
%>
%<S "O:AppAbstractState"
%<P
%<{ I=2:ID }%>
%<{ numOfSelectedItems=18:int }%>
%<{ numInShopCart=0:int }%>
%<{ cartCurrency="$":String }%>
%<{ cartTotal="$0.00":String }%>
%<{ numInCompareCart=0:int }%>
%<{ selectedProduct=-1:int }%>
%<{ catalogContents=> }%>
%>
%<S "O:Array"
%<P
%<{ I=3:ID }%>
%<{ elem=18:int }%>
%<{ elem=11:int }%>
%<{ elem=4:int }%>
%<{ elem=15:int }%>
%<{ elem=8:int }%>
%<{ elem=1:int }%>
%<{ elem=12:int }%>
%<{ elem=5:int }%>
%<{ elem=16:int }%>
%<{ elem=9:int }%>
%<{ elem=2:int }%>
%<{ elem=13:int }%>
%<{ elem=6:int }%>
%<{ elem=17:int }%>
%<{ elem=10:int }%>
%<{ elem=3:int }%>
%<{ elem=14:int }%>
%<{ elem=7:int }%>
%>
%>
%<P
%<{ shoppingCartContents=> }%>
%>
%<S "O:Array"
%<P
%<{ I=4:ID }%>
%>
%>
%<P
%<{ compareCartContents=> }%>
%>
%<S "O:Array"
%<P
%<{ I=5:ID }%>
%>
%>
%>
%>
%<S 360:1381126330266 "E"
%<S "O:eu.fittest.actionscript.automation::RecordEvent"
%<P
%<{ I=0:ID }%>
%<{ targetID="mapImage1":String }%>
%<{ type="click":String }%>
%<{ args=> }%>
%>
%<S "O:Array"
%<P
%<{ I=1:ID }%>
%>
%>
%>
%<S "O:AppAbstractState"
%<P
%<{ I=2:ID }%>
%<{ numOfSelectedItems=18:int }%>
%<{ numInShopCart=0:int }%>
%<{ cartCurrency="$":String }%>
%<{ cartTotal="$0.00":String }%>
%<{ numInCompareCart=0:int }%>
%<{ selectedProduct=-1:int }%>
%<{ catalogContents=> }%>
%>
%<S "O:Array"
%<P
%<{ I=3:ID }%>
%<{ elem=18:int }%>
%<{ elem=11:int }%>
%<{ elem=4:int }%>
%<{ elem=15:int }%>
%<{ elem=8:int }%>
%<{ elem=1:int }%>
%<{ elem=12:int }%>
%<{ elem=5:int }%>
%<{ elem=16:int }%>
%<{ elem=9:int }%>
%<{ elem=2:int }%>
%<{ elem=13:int }%>
%<{ elem=6:int }%>
%<{ elem=17:int }%>
%<{ elem=10:int }%>
%<{ elem=3:int }%>
%<{ elem=14:int }%>
%<{ elem=7:int }%>
%>
%>
%<P
%<{ shoppingCartContents=> }%>
%>
%<S "O:Array"
%<P
%<{ I=4:ID }%>
%>
%>
%<P
%<{ compareCartContents=> }%>
%>
%<S "O:Array"
%<P
%<{ I=5:ID }%>
%>
%>
%>
%>
%<S 360:1381126331501 "E"
%<S "O:eu.fittest.actionscript.automation::RecordEvent"
%<P
%<{ I=0:ID }%>
%<{ targetID="ButtonBar0":String }%>
%<{ type="itemclick":String }%>
%<{ args=> }%>
%>
%<S "O:Array"
%<P
%<{ I=1:ID }%>
%<{ elem=1:int }%>
%>
%>
%>
%<S "O:AppAbstractState"
%<P
%<{ I=2:ID }%>
%<{ numOfSelectedItems=18:int }%>
%<{ numInShopCart=0:int }%>
%<{ cartCurrency="$":String }%>
%<{ cartTotal="$0.00":String }%>
%<{ numInCompareCart=0:int }%>
%<{ selectedProduct=-1:int }%>
%<{ catalogContents=> }%>
%>
%<S "O:Array"
%<P
%<{ I=3:ID }%>
%<{ elem=18:int }%>
%<{ elem=11:int }%>
%<{ elem=4:int }%>
%<{ elem=15:int }%>
%<{ elem=8:int }%>
%<{ elem=1:int }%>
%<{ elem=12:int }%>
%<{ elem=5:int }%>
%<{ elem=16:int }%>
%<{ elem=9:int }%>
%<{ elem=2:int }%>
%<{ elem=13:int }%>
%<{ elem=6:int }%>
%<{ elem=17:int }%>
%<{ elem=10:int }%>
%<{ elem=3:int }%>
%<{ elem=14:int }%>
%<{ elem=7:int }%>
%>
%>
%<P
%<{ shoppingCartContents=> }%>
%>
%<S "O:Array"
%<P
%<{ I=4:ID }%>
%>
%>
%<P
%<{ compareCartContents=> }%>
%>
%<S "O:Array"
%<P
%<{ I=5:ID }%>
%>
%>
%>
%>
%<S 360:1381126336734 "E"
%<S "O:eu.fittest.actionscript.automation::RecordEvent"
%<P
%<{ I=0:ID }%>
%<{ targetID="ButtonBar0":String }%>
%<{ type="itemclick":String }%>
%<{ args=> }%>
%>
%<S "O:Array"
%<P
%<{ I=1:ID }%>
%<{ elem=2:int }%>
%>
%>
%>
%<S "O:AppAbstractState"
%<P
%<{ I=2:ID }%>
%<{ numOfSelectedItems=18:int }%>
%<{ numInShopCart=0:int }%>
%<{ cartCurrency="$":String }%>
%<{ cartTotal="$0.00":String }%>
%<{ numInCompareCart=0:int }%>
%<{ selectedProduct=-1:int }%>
%<{ catalogContents=> }%>
%>
%<S "O:Array"
%<P
%<{ I=3:ID }%>
%<{ elem=18:int }%>
%<{ elem=11:int }%>
%<{ elem=4:int }%>
%<{ elem=15:int }%>
%<{ elem=8:int }%>
%<{ elem=1:int }%>
%<{ elem=12:int }%>
%<{ elem=5:int }%>
%<{ elem=16:int }%>
%<{ elem=9:int }%>
%<{ elem=2:int }%>
%<{ elem=13:int }%>
%<{ elem=6:int }%>
%<{ elem=17:int }%>
%<{ elem=10:int }%>
%<{ elem=3:int }%>
%<{ elem=14:int }%>
%<{ elem=7:int }%>
%>
%>
%<P
%<{ shoppingCartContents=> }%>
%>
%<S "O:Array"
%<P
%<{ I=4:ID }%>
%>
%>
%<P
%<{ compareCartContents=> }%>
%>
%<S "O:Array"
%<P
%<{ I=5:ID }%>
%>
%>
%>
%>
%<S 360:1381126339672 "E"
%<S "O:eu.fittest.actionscript.automation::RecordEvent"
%<P
%<{ I=0:ID }%>
%<{ targetID="ButtonBar0":String }%>
%<{ type="itemclick":String }%>
%<{ args=> }%>
%>
%<S "O:Array"
%<P
%<{ I=1:ID }%>
%<{ elem=0:int }%>
%>
%>
%>
%<S "O:AppAbstractState"
%<P
%<{ I=2:ID }%>
%<{ numOfSelectedItems=18:int }%>
%<{ numInShopCart=0:int }%>
%<{ cartCurrency="$":String }%>
%<{ cartTotal="$0.00":String }%>
%<{ numInCompareCart=0:int }%>
%<{ selectedProduct=-1:int }%>
%<{ catalogContents=> }%>
%>
%<S "O:Array"
%<P
%<{ I=3:ID }%>
%<{ elem=18:int }%>
%<{ elem=11:int }%>
%<{ elem=4:int }%>
%<{ elem=15:int }%>
%<{ elem=8:int }%>
%<{ elem=1:int }%>
%<{ elem=12:int }%>
%<{ elem=5:int }%>
%<{ elem=16:int }%>
%<{ elem=9:int }%>
%<{ elem=2:int }%>
%<{ elem=13:int }%>
%<{ elem=6:int }%>
%<{ elem=17:int }%>
%<{ elem=10:int }%>
%<{ elem=3:int }%>
%<{ elem=14:int }%>
%<{ elem=7:int }%>
%>
%>
%<P
%<{ shoppingCartContents=> }%>
%>
%<S "O:Array"
%<P
%<{ I=4:ID }%>
%>
%>
%<P
%<{ compareCartContents=> }%>
%>
%<S "O:Array"
%<P
%<{ I=5:ID }%>
%>
%>
%>
%>
%<S 360:1381126344597 "E"
%<S "O:eu.fittest.actionscript.automation::RecordEvent"
%<P
%<{ I=0:ID }%>
%<{ targetID="IDY_pwd":String }%>
%<{ type="click":String }%>
%<{ args=> }%>
%>
%<S "O:Array"
%<P
%<{ I=1:ID }%>
%>
%>
%>
%<S "O:AppAbstractState"
%<P
%<{ I=2:ID }%>
%<{ numOfSelectedItems=18:int }%>
%<{ numInShopCart=0:int }%>
%<{ cartCurrency="$":String }%>
%<{ cartTotal="$0.00":String }%>
%<{ numInCompareCart=0:int }%>
%<{ selectedProduct=-1:int }%>
%<{ catalogContents=> }%>
%>
%<S "O:Array"
%<P
%<{ I=3:ID }%>
%<{ elem=18:int }%>
%<{ elem=11:int }%>
%<{ elem=4:int }%>
%<{ elem=15:int }%>
%<{ elem=8:int }%>
%<{ elem=1:int }%>
%<{ elem=12:int }%>
%<{ elem=5:int }%>
%<{ elem=16:int }%>
%<{ elem=9:int }%>
%<{ elem=2:int }%>
%<{ elem=13:int }%>
%<{ elem=6:int }%>
%<{ elem=17:int }%>
%<{ elem=10:int }%>
%<{ elem=3:int }%>
%<{ elem=14:int }%>
%<{ elem=7:int }%>
%>
%>
%<P
%<{ shoppingCartContents=> }%>
%>
%<S "O:Array"
%<P
%<{ I=4:ID }%>
%>
%>
%<P
%<{ compareCartContents=> }%>
%>
%<S "O:Array"
%<P
%<{ I=5:ID }%>
%>
%>
%>
%>
%<S 360:1381126346770 "E"
%<S "O:eu.fittest.actionscript.automation::RecordEvent"
%<P
%<{ I=0:ID }%>
%<{ targetID="IDY_myphonenr1":String }%>
%<{ type="click":String }%>
%<{ args=> }%>
%>
%<S "O:Array"
%<P
%<{ I=1:ID }%>
%>
%>
%>
%<S "O:AppAbstractState"
%<P
%<{ I=2:ID }%>
%<{ numOfSelectedItems=18:int }%>
%<{ numInShopCart=0:int }%>
%<{ cartCurrency="$":String }%>
%<{ cartTotal="$0.00":String }%>
%<{ numInCompareCart=0:int }%>
%<{ selectedProduct=-1:int }%>
%<{ catalogContents=> }%>
%>
%<S "O:Array"
%<P
%<{ I=3:ID }%>
%<{ elem=18:int }%>
%<{ elem=11:int }%>
%<{ elem=4:int }%>
%<{ elem=15:int }%>
%<{ elem=8:int }%>
%<{ elem=1:int }%>
%<{ elem=12:int }%>
%<{ elem=5:int }%>
%<{ elem=16:int }%>
%<{ elem=9:int }%>
%<{ elem=2:int }%>
%<{ elem=13:int }%>
%<{ elem=6:int }%>
%<{ elem=17:int }%>
%<{ elem=10:int }%>
%<{ elem=3:int }%>
%<{ elem=14:int }%>
%<{ elem=7:int }%>
%>
%>
%<P
%<{ shoppingCartContents=> }%>
%>
%<S "O:Array"
%<P
%<{ I=4:ID }%>
%>
%>
%<P
%<{ compareCartContents=> }%>
%>
%<S "O:Array"
%<P
%<{ I=5:ID }%>
%>
%>
%>
%>
%<S 360:1381126349198 "E"
%<S "O:eu.fittest.actionscript.automation::RecordEvent"
%<P
%<{ I=0:ID }%>
%<{ targetID="IDY_myphonenr1":String }%>
%<{ type="type":String }%>
%<{ args=> }%>
%>
%<S "O:Array"
%<P
%<{ I=1:ID }%>
%<{ elem="667":String }%>
%>
%>
%>
%<S "O:AppAbstractState"
%<P
%<{ I=2:ID }%>
%<{ numOfSelectedItems=18:int }%>
%<{ numInShopCart=0:int }%>
%<{ cartCurrency="$":String }%>
%<{ cartTotal="$0.00":String }%>
%<{ numInCompareCart=0:int }%>
%<{ selectedProduct=-1:int }%>
%<{ catalogContents=> }%>
%>
%<S "O:Array"
%<P
%<{ I=3:ID }%>
%<{ elem=18:int }%>
%<{ elem=11:int }%>
%<{ elem=4:int }%>
%<{ elem=15:int }%>
%<{ elem=8:int }%>
%<{ elem=1:int }%>
%<{ elem=12:int }%>
%<{ elem=5:int }%>
%<{ elem=16:int }%>
%<{ elem=9:int }%>
%<{ elem=2:int }%>
%<{ elem=13:int }%>
%<{ elem=6:int }%>
%<{ elem=17:int }%>
%<{ elem=10:int }%>
%<{ elem=3:int }%>
%<{ elem=14:int }%>
%<{ elem=7:int }%>
%>
%>
%<P
%<{ shoppingCartContents=> }%>
%>
%<S "O:Array"
%<P
%<{ I=4:ID }%>
%>
%>
%<P
%<{ compareCartContents=> }%>
%>
%<S "O:Array"
%<P
%<{ I=5:ID }%>
%>
%>
%>
%>
%<S 360:1381126350542 "E"
%<S "O:eu.fittest.actionscript.automation::RecordEvent"
%<P
%<{ I=0:ID }%>
%<{ targetID="IDY_myphonenr2":String }%>
%<{ type="click":String }%>
%<{ args=> }%>
%>
%<S "O:Array"
%<P
%<{ I=1:ID }%>
%>
%>
%>
%<S "O:AppAbstractState"
%<P
%<{ I=2:ID }%>
%<{ numOfSelectedItems=18:int }%>
%<{ numInShopCart=0:int }%>
%<{ cartCurrency="$":String }%>
%<{ cartTotal="$0.00":String }%>
%<{ numInCompareCart=0:int }%>
%<{ selectedProduct=-1:int }%>
%<{ catalogContents=> }%>
%>
%<S "O:Array"
%<P
%<{ I=3:ID }%>
%<{ elem=18:int }%>
%<{ elem=11:int }%>
%<{ elem=4:int }%>
%<{ elem=15:int }%>
%<{ elem=8:int }%>
%<{ elem=1:int }%>
%<{ elem=12:int }%>
%<{ elem=5:int }%>
%<{ elem=16:int }%>
%<{ elem=9:int }%>
%<{ elem=2:int }%>
%<{ elem=13:int }%>
%<{ elem=6:int }%>
%<{ elem=17:int }%>
%<{ elem=10:int }%>
%<{ elem=3:int }%>
%<{ elem=14:int }%>
%<{ elem=7:int }%>
%>
%>
%<P
%<{ shoppingCartContents=> }%>
%>
%<S "O:Array"
%<P
%<{ I=4:ID }%>
%>
%>
%<P
%<{ compareCartContents=> }%>
%>
%<S "O:Array"
%<P
%<{ I=5:ID }%>
%>
%>
%>
%>
%<S 360:1381126350832 "E"
%<S "O:eu.fittest.actionscript.automation::RecordEvent"
%<P
%<{ I=0:ID }%>
%<{ targetID="IDY_myphonenr1":String }%>
%<{ type="type":String }%>
%<{ args=> }%>
%>
%<S "O:Array"
%<P
%<{ I=1:ID }%>
%<{ elem="6671":String }%>
%>
%>
%>
%<S "O:AppAbstractState"
%<P
%<{ I=2:ID }%>
%<{ numOfSelectedItems=18:int }%>
%<{ numInShopCart=0:int }%>
%<{ cartCurrency="$":String }%>
%<{ cartTotal="$0.00":String }%>
%<{ numInCompareCart=0:int }%>
%<{ selectedProduct=-1:int }%>
%<{ catalogContents=> }%>
%>
%<S "O:Array"
%<P
%<{ I=3:ID }%>
%<{ elem=18:int }%>
%<{ elem=11:int }%>
%<{ elem=4:int }%>
%<{ elem=15:int }%>
%<{ elem=8:int }%>
%<{ elem=1:int }%>
%<{ elem=12:int }%>
%<{ elem=5:int }%>
%<{ elem=16:int }%>
%<{ elem=9:int }%>
%<{ elem=2:int }%>
%<{ elem=13:int }%>
%<{ elem=6:int }%>
%<{ elem=17:int }%>
%<{ elem=10:int }%>
%<{ elem=3:int }%>
%<{ elem=14:int }%>
%<{ elem=7:int }%>
%>
%>
%<P
%<{ shoppingCartContents=> }%>
%>
%<S "O:Array"
%<P
%<{ I=4:ID }%>
%>
%>
%<P
%<{ compareCartContents=> }%>
%>
%<S "O:Array"
%<P
%<{ I=5:ID }%>
%>
%>
%>
%>
%<S 360:1381126354415 "E"
%<S "O:eu.fittest.actionscript.automation::RecordEvent"
%<P
%<{ I=0:ID }%>
%<{ targetID="IDY_myphonenr2":String }%>
%<{ type="type":String }%>
%<{ args=> }%>
%>
%<S "O:Array"
%<P
%<{ I=1:ID }%>
%<{ elem="5400":String }%>
%>
%>
%>
%<S "O:AppAbstractState"
%<P
%<{ I=2:ID }%>
%<{ numOfSelectedItems=18:int }%>
%<{ numInShopCart=0:int }%>
%<{ cartCurrency="$":String }%>
%<{ cartTotal="$0.00":String }%>
%<{ numInCompareCart=0:int }%>
%<{ selectedProduct=-1:int }%>
%<{ catalogContents=> }%>
%>
%<S "O:Array"
%<P
%<{ I=3:ID }%>
%<{ elem=18:int }%>
%<{ elem=11:int }%>
%<{ elem=4:int }%>
%<{ elem=15:int }%>
%<{ elem=8:int }%>
%<{ elem=1:int }%>
%<{ elem=12:int }%>
%<{ elem=5:int }%>
%<{ elem=16:int }%>
%<{ elem=9:int }%>
%<{ elem=2:int }%>
%<{ elem=13:int }%>
%<{ elem=6:int }%>
%<{ elem=17:int }%>
%<{ elem=10:int }%>
%<{ elem=3:int }%>
%<{ elem=14:int }%>
%<{ elem=7:int }%>
%>
%>
%<P
%<{ shoppingCartContents=> }%>
%>
%<S "O:Array"
%<P
%<{ I=4:ID }%>
%>
%>
%<P
%<{ compareCartContents=> }%>
%>
%<S "O:Array"
%<P
%<{ I=5:ID }%>
%>
%>
%>
%>
%<S 360:1381126354566 "E"
%<S "O:eu.fittest.actionscript.automation::RecordEvent"
%<P
%<{ I=0:ID }%>
%<{ targetID="IDY_myphonenr3":String }%>
%<{ type="click":String }%>
%<{ args=> }%>
%>
%<S "O:Array"
%<P
%<{ I=1:ID }%>
%>
%>
%>
%<S "O:AppAbstractState"
%<P
%<{ I=2:ID }%>
%<{ numOfSelectedItems=18:int }%>
%<{ numInShopCart=0:int }%>
%<{ cartCurrency="$":String }%>
%<{ cartTotal="$0.00":String }%>
%<{ numInCompareCart=0:int }%>
%<{ selectedProduct=-1:int }%>
%<{ catalogContents=> }%>
%>
%<S "O:Array"
%<P
%<{ I=3:ID }%>
%<{ elem=18:int }%>
%<{ elem=11:int }%>
%<{ elem=4:int }%>
%<{ elem=15:int }%>
%<{ elem=8:int }%>
%<{ elem=1:int }%>
%<{ elem=12:int }%>
%<{ elem=5:int }%>
%<{ elem=16:int }%>
%<{ elem=9:int }%>
%<{ elem=2:int }%>
%<{ elem=13:int }%>
%<{ elem=6:int }%>
%<{ elem=17:int }%>
%<{ elem=10:int }%>
%<{ elem=3:int }%>
%<{ elem=14:int }%>
%<{ elem=7:int }%>
%>
%>
%<P
%<{ shoppingCartContents=> }%>
%>
%<S "O:Array"
%<P
%<{ I=4:ID }%>
%>
%>
%<P
%<{ compareCartContents=> }%>
%>
%<S "O:Array"
%<P
%<{ I=5:ID }%>
%>
%>
%>
%>
%<S 360:1381126356915 "E"
%<S "O:eu.fittest.actionscript.automation::RecordEvent"
%<P
%<{ I=0:ID }%>
%<{ targetID="IDY_myphonenr3":String }%>
%<{ type="type":String }%>
%<{ args=> }%>
%>
%<S "O:Array"
%<P
%<{ I=1:ID }%>
%<{ elem="78":String }%>
%>
%>
%>
%<S "O:AppAbstractState"
%<P
%<{ I=2:ID }%>
%<{ numOfSelectedItems=18:int }%>
%<{ numInShopCart=0:int }%>
%<{ cartCurrency="$":String }%>
%<{ cartTotal="$0.00":String }%>
%<{ numInCompareCart=0:int }%>
%<{ selectedProduct=-1:int }%>
%<{ catalogContents=> }%>
%>
%<S "O:Array"
%<P
%<{ I=3:ID }%>
%<{ elem=18:int }%>
%<{ elem=11:int }%>
%<{ elem=4:int }%>
%<{ elem=15:int }%>
%<{ elem=8:int }%>
%<{ elem=1:int }%>
%<{ elem=12:int }%>
%<{ elem=5:int }%>
%<{ elem=16:int }%>
%<{ elem=9:int }%>
%<{ elem=2:int }%>
%<{ elem=13:int }%>
%<{ elem=6:int }%>
%<{ elem=17:int }%>
%<{ elem=10:int }%>
%<{ elem=3:int }%>
%<{ elem=14:int }%>
%<{ elem=7:int }%>
%>
%>
%<P
%<{ shoppingCartContents=> }%>
%>
%<S "O:Array"
%<P
%<{ I=4:ID }%>
%>
%>
%<P
%<{ compareCartContents=> }%>
%>
%<S "O:Array"
%<P
%<{ I=5:ID }%>
%>
%>
%>
%>
%<S 360:1381126359699 "E"
%<S "O:eu.fittest.actionscript.automation::RecordEvent"
%<P
%<{ I=0:ID }%>
%<{ targetID="IDY_myphonenr3":String }%>
%<{ type="type":String }%>
%<{ args=> }%>
%>
%<S "O:Array"
%<P
%<{ I=1:ID }%>
%<{ elem="":String }%>
%>
%>
%>
%<S "O:AppAbstractState"
%<P
%<{ I=2:ID }%>
%<{ numOfSelectedItems=18:int }%>
%<{ numInShopCart=0:int }%>
%<{ cartCurrency="$":String }%>
%<{ cartTotal="$0.00":String }%>
%<{ numInCompareCart=0:int }%>
%<{ selectedProduct=-1:int }%>
%<{ catalogContents=> }%>
%>
%<S "O:Array"
%<P
%<{ I=3:ID }%>
%<{ elem=18:int }%>
%<{ elem=11:int }%>
%<{ elem=4:int }%>
%<{ elem=15:int }%>
%<{ elem=8:int }%>
%<{ elem=1:int }%>
%<{ elem=12:int }%>
%<{ elem=5:int }%>
%<{ elem=16:int }%>
%<{ elem=9:int }%>
%<{ elem=2:int }%>
%<{ elem=13:int }%>
%<{ elem=6:int }%>
%<{ elem=17:int }%>
%<{ elem=10:int }%>
%<{ elem=3:int }%>
%<{ elem=14:int }%>
%<{ elem=7:int }%>
%>
%>
%<P
%<{ shoppingCartContents=> }%>
%>
%<S "O:Array"
%<P
%<{ I=4:ID }%>
%>
%>
%<P
%<{ compareCartContents=> }%>
%>
%<S "O:Array"
%<P
%<{ I=5:ID }%>
%>
%>
%>
%>
%<S 360:1381126362069 "E"
%<S "O:eu.fittest.actionscript.automation::RecordEvent"
%<P
%<{ I=0:ID }%>
%<{ targetID="IDY_myphonenr2":String }%>
%<{ type="click":String }%>
%<{ args=> }%>
%>
%<S "O:Array"
%<P
%<{ I=1:ID }%>
%>
%>
%>
%<S "O:AppAbstractState"
%<P
%<{ I=2:ID }%>
%<{ numOfSelectedItems=18:int }%>
%<{ numInShopCart=0:int }%>
%<{ cartCurrency="$":String }%>
%<{ cartTotal="$0.00":String }%>
%<{ numInCompareCart=0:int }%>
%<{ selectedProduct=-1:int }%>
%<{ catalogContents=> }%>
%>
%<S "O:Array"
%<P
%<{ I=3:ID }%>
%<{ elem=18:int }%>
%<{ elem=11:int }%>
%<{ elem=4:int }%>
%<{ elem=15:int }%>
%<{ elem=8:int }%>
%<{ elem=1:int }%>
%<{ elem=12:int }%>
%<{ elem=5:int }%>
%<{ elem=16:int }%>
%<{ elem=9:int }%>
%<{ elem=2:int }%>
%<{ elem=13:int }%>
%<{ elem=6:int }%>
%<{ elem=17:int }%>
%<{ elem=10:int }%>
%<{ elem=3:int }%>
%<{ elem=14:int }%>
%<{ elem=7:int }%>
%>
%>
%<P
%<{ shoppingCartContents=> }%>
%>
%<S "O:Array"
%<P
%<{ I=4:ID }%>
%>
%>
%<P
%<{ compareCartContents=> }%>
%>
%<S "O:Array"
%<P
%<{ I=5:ID }%>
%>
%>
%>
%>
%<S 360:1381126364282 "E"
%<S "O:eu.fittest.actionscript.automation::RecordEvent"
%<P
%<{ I=0:ID }%>
%<{ targetID="IDY_myphonenr2":String }%>
%<{ type="type":String }%>
%<{ args=> }%>
%>
%<S "O:Array"
%<P
%<{ I=1:ID }%>
%<{ elem="":String }%>
%>
%>
%>
%<S "O:AppAbstractState"
%<P
%<{ I=2:ID }%>
%<{ numOfSelectedItems=18:int }%>
%<{ numInShopCart=0:int }%>
%<{ cartCurrency="$":String }%>
%<{ cartTotal="$0.00":String }%>
%<{ numInCompareCart=0:int }%>
%<{ selectedProduct=-1:int }%>
%<{ catalogContents=> }%>
%>
%<S "O:Array"
%<P
%<{ I=3:ID }%>
%<{ elem=18:int }%>
%<{ elem=11:int }%>
%<{ elem=4:int }%>
%<{ elem=15:int }%>
%<{ elem=8:int }%>
%<{ elem=1:int }%>
%<{ elem=12:int }%>
%<{ elem=5:int }%>
%<{ elem=16:int }%>
%<{ elem=9:int }%>
%<{ elem=2:int }%>
%<{ elem=13:int }%>
%<{ elem=6:int }%>
%<{ elem=17:int }%>
%<{ elem=10:int }%>
%<{ elem=3:int }%>
%<{ elem=14:int }%>
%<{ elem=7:int }%>
%>
%>
%<P
%<{ shoppingCartContents=> }%>
%>
%<S "O:Array"
%<P
%<{ I=4:ID }%>
%>
%>
%<P
%<{ compareCartContents=> }%>
%>
%<S "O:Array"
%<P
%<{ I=5:ID }%>
%>
%>
%>
%>
%<S 360:1381126364668 "E"
%<S "O:eu.fittest.actionscript.automation::RecordEvent"
%<P
%<{ I=0:ID }%>
%<{ targetID="IDY_myphonenr1":String }%>
%<{ type="click":String }%>
%<{ args=> }%>
%>
%<S "O:Array"
%<P
%<{ I=1:ID }%>
%>
%>
%>
%<S "O:AppAbstractState"
%<P
%<{ I=2:ID }%>
%<{ numOfSelectedItems=18:int }%>
%<{ numInShopCart=0:int }%>
%<{ cartCurrency="$":String }%>
%<{ cartTotal="$0.00":String }%>
%<{ numInCompareCart=0:int }%>
%<{ selectedProduct=-1:int }%>
%<{ catalogContents=> }%>
%>
%<S "O:Array"
%<P
%<{ I=3:ID }%>
%<{ elem=18:int }%>
%<{ elem=11:int }%>
%<{ elem=4:int }%>
%<{ elem=15:int }%>
%<{ elem=8:int }%>
%<{ elem=1:int }%>
%<{ elem=12:int }%>
%<{ elem=5:int }%>
%<{ elem=16:int }%>
%<{ elem=9:int }%>
%<{ elem=2:int }%>
%<{ elem=13:int }%>
%<{ elem=6:int }%>
%<{ elem=17:int }%>
%<{ elem=10:int }%>
%<{ elem=3:int }%>
%<{ elem=14:int }%>
%<{ elem=7:int }%>
%>
%>
%<P
%<{ shoppingCartContents=> }%>
%>
%<S "O:Array"
%<P
%<{ I=4:ID }%>
%>
%>
%<P
%<{ compareCartContents=> }%>
%>
%<S "O:Array"
%<P
%<{ I=5:ID }%>
%>
%>
%>
%>
%<S 360:1381126366582 "E"
%<S "O:eu.fittest.actionscript.automation::RecordEvent"
%<P
%<{ I=0:ID }%>
%<{ targetID="IDY_myphonenr1":String }%>
%<{ type="type":String }%>
%<{ args=> }%>
%>
%<S "O:Array"
%<P
%<{ I=1:ID }%>
%<{ elem="":String }%>
%>
%>
%>
%<S "O:AppAbstractState"
%<P
%<{ I=2:ID }%>
%<{ numOfSelectedItems=18:int }%>
%<{ numInShopCart=0:int }%>
%<{ cartCurrency="$":String }%>
%<{ cartTotal="$0.00":String }%>
%<{ numInCompareCart=0:int }%>
%<{ selectedProduct=-1:int }%>
%<{ catalogContents=> }%>
%>
%<S "O:Array"
%<P
%<{ I=3:ID }%>
%<{ elem=18:int }%>
%<{ elem=11:int }%>
%<{ elem=4:int }%>
%<{ elem=15:int }%>
%<{ elem=8:int }%>
%<{ elem=1:int }%>
%<{ elem=12:int }%>
%<{ elem=5:int }%>
%<{ elem=16:int }%>
%<{ elem=9:int }%>
%<{ elem=2:int }%>
%<{ elem=13:int }%>
%<{ elem=6:int }%>
%<{ elem=17:int }%>
%<{ elem=10:int }%>
%<{ elem=3:int }%>
%<{ elem=14:int }%>
%<{ elem=7:int }%>
%>
%>
%<P
%<{ shoppingCartContents=> }%>
%>
%<S "O:Array"
%<P
%<{ I=4:ID }%>
%>
%>
%<P
%<{ compareCartContents=> }%>
%>
%<S "O:Array"
%<P
%<{ I=5:ID }%>
%>
%>
%>
%>
%<S 360:1381126423443 "E"
%<S "O:eu.fittest.actionscript.automation::RecordEvent"
%<P
%<{ I=0:ID }%>
%<{ targetID="IDY_myphonenr1":String }%>
%<{ type="click":String }%>
%<{ args=> }%>
%>
%<S "O:Array"
%<P
%<{ I=1:ID }%>
%>
%>
%>
%<S "O:AppAbstractState"
%<P
%<{ I=2:ID }%>
%<{ numOfSelectedItems=18:int }%>
%<{ numInShopCart=0:int }%>
%<{ cartCurrency="$":String }%>
%<{ cartTotal="$0.00":String }%>
%<{ numInCompareCart=0:int }%>
%<{ selectedProduct=-1:int }%>
%<{ catalogContents=> }%>
%>
%<S "O:Array"
%<P
%<{ I=3:ID }%>
%<{ elem=18:int }%>
%<{ elem=11:int }%>
%<{ elem=4:int }%>
%<{ elem=15:int }%>
%<{ elem=8:int }%>
%<{ elem=1:int }%>
%<{ elem=12:int }%>
%<{ elem=5:int }%>
%<{ elem=16:int }%>
%<{ elem=9:int }%>
%<{ elem=2:int }%>
%<{ elem=13:int }%>
%<{ elem=6:int }%>
%<{ elem=17:int }%>
%<{ elem=10:int }%>
%<{ elem=3:int }%>
%<{ elem=14:int }%>
%<{ elem=7:int }%>
%>
%>
%<P
%<{ shoppingCartContents=> }%>
%>
%<S "O:Array"
%<P
%<{ I=4:ID }%>
%>
%>
%<P
%<{ compareCartContents=> }%>
%>
%<S "O:Array"
%<P
%<{ I=5:ID }%>
%>
%>
%>
%>
%<S 360:1381126424407 "E"
%<S "O:eu.fittest.actionscript.automation::RecordEvent"
%<P
%<{ I=0:ID }%>
%<{ targetID="IDY_myphonenr1":String }%>
%<{ type="click":String }%>
%<{ args=> }%>
%>
%<S "O:Array"
%<P
%<{ I=1:ID }%>
%>
%>
%>
%<S "O:AppAbstractState"
%<P
%<{ I=2:ID }%>
%<{ numOfSelectedItems=18:int }%>
%<{ numInShopCart=0:int }%>
%<{ cartCurrency="$":String }%>
%<{ cartTotal="$0.00":String }%>
%<{ numInCompareCart=0:int }%>
%<{ selectedProduct=-1:int }%>
%<{ catalogContents=> }%>
%>
%<S "O:Array"
%<P
%<{ I=3:ID }%>
%<{ elem=18:int }%>
%<{ elem=11:int }%>
%<{ elem=4:int }%>
%<{ elem=15:int }%>
%<{ elem=8:int }%>
%<{ elem=1:int }%>
%<{ elem=12:int }%>
%<{ elem=5:int }%>
%<{ elem=16:int }%>
%<{ elem=9:int }%>
%<{ elem=2:int }%>
%<{ elem=13:int }%>
%<{ elem=6:int }%>
%<{ elem=17:int }%>
%<{ elem=10:int }%>
%<{ elem=3:int }%>
%<{ elem=14:int }%>
%<{ elem=7:int }%>
%>
%>
%<P
%<{ shoppingCartContents=> }%>
%>
%<S "O:Array"
%<P
%<{ I=4:ID }%>
%>
%>
%<P
%<{ compareCartContents=> }%>
%>
%<S "O:Array"
%<P
%<{ I=5:ID }%>
%>
%>
%>
%>
%<S 360:1381126429499 "E"
%<S "O:eu.fittest.actionscript.automation::RecordEvent"
%<P
%<{ I=0:ID }%>
%<{ targetID="IDY_myphonenr1":String }%>
%<{ type="type":String }%>
%<{ args=> }%>
%>
%<S "O:Array"
%<P
%<{ I=1:ID }%>
%<{ elem="66715400":String }%>
%>
%>
%>
%<S "O:AppAbstractState"
%<P
%<{ I=2:ID }%>
%<{ numOfSelectedItems=18:int }%>
%<{ numInShopCart=0:int }%>
%<{ cartCurrency="$":String }%>
%<{ cartTotal="$0.00":String }%>
%<{ numInCompareCart=0:int }%>
%<{ selectedProduct=-1:int }%>
%<{ catalogContents=> }%>
%>
%<S "O:Array"
%<P
%<{ I=3:ID }%>
%<{ elem=18:int }%>
%<{ elem=11:int }%>
%<{ elem=4:int }%>
%<{ elem=15:int }%>
%<{ elem=8:int }%>
%<{ elem=1:int }%>
%<{ elem=12:int }%>
%<{ elem=5:int }%>
%<{ elem=16:int }%>
%<{ elem=9:int }%>
%<{ elem=2:int }%>
%<{ elem=13:int }%>
%<{ elem=6:int }%>
%<{ elem=17:int }%>
%<{ elem=10:int }%>
%<{ elem=3:int }%>
%<{ elem=14:int }%>
%<{ elem=7:int }%>
%>
%>
%<P
%<{ shoppingCartContents=> }%>
%>
%<S "O:Array"
%<P
%<{ I=4:ID }%>
%>
%>
%<P
%<{ compareCartContents=> }%>
%>
%<S "O:Array"
%<P
%<{ I=5:ID }%>
%>
%>
%>
%>
%<S 360:1381126430831 "E"
%<S "O:eu.fittest.actionscript.automation::RecordEvent"
%<P
%<{ I=0:ID }%>
%<{ targetID="IDY_myphonenr1":String }%>
%<{ type="type":String }%>
%<{ args=> }%>
%>
%<S "O:Array"
%<P
%<{ I=1:ID }%>
%<{ elem="6671540078":String }%>
%>
%>
%>
%<S "O:AppAbstractState"
%<P
%<{ I=2:ID }%>
%<{ numOfSelectedItems=18:int }%>
%<{ numInShopCart=0:int }%>
%<{ cartCurrency="$":String }%>
%<{ cartTotal="$0.00":String }%>
%<{ numInCompareCart=0:int }%>
%<{ selectedProduct=-1:int }%>
%<{ catalogContents=> }%>
%>
%<S "O:Array"
%<P
%<{ I=3:ID }%>
%<{ elem=18:int }%>
%<{ elem=11:int }%>
%<{ elem=4:int }%>
%<{ elem=15:int }%>
%<{ elem=8:int }%>
%<{ elem=1:int }%>
%<{ elem=12:int }%>
%<{ elem=5:int }%>
%<{ elem=16:int }%>
%<{ elem=9:int }%>
%<{ elem=2:int }%>
%<{ elem=13:int }%>
%<{ elem=6:int }%>
%<{ elem=17:int }%>
%<{ elem=10:int }%>
%<{ elem=3:int }%>
%<{ elem=14:int }%>
%<{ elem=7:int }%>
%>
%>
%<P
%<{ shoppingCartContents=> }%>
%>
%<S "O:Array"
%<P
%<{ I=4:ID }%>
%>
%>
%<P
%<{ compareCartContents=> }%>
%>
%<S "O:Array"
%<P
%<{ I=5:ID }%>
%>
%>
%>
%>
%<S 360:1381126437397 "E"
%<S "O:eu.fittest.actionscript.automation::RecordEvent"
%<P
%<{ I=0:ID }%>
%<{ targetID="IDY_pwd":String }%>
%<{ type="click":String }%>
%<{ args=> }%>
%>
%<S "O:Array"
%<P
%<{ I=1:ID }%>
%>
%>
%>
%<S "O:AppAbstractState"
%<P
%<{ I=2:ID }%>
%<{ numOfSelectedItems=18:int }%>
%<{ numInShopCart=0:int }%>
%<{ cartCurrency="$":String }%>
%<{ cartTotal="$0.00":String }%>
%<{ numInCompareCart=0:int }%>
%<{ selectedProduct=-1:int }%>
%<{ catalogContents=> }%>
%>
%<S "O:Array"
%<P
%<{ I=3:ID }%>
%<{ elem=18:int }%>
%<{ elem=11:int }%>
%<{ elem=4:int }%>
%<{ elem=15:int }%>
%<{ elem=8:int }%>
%<{ elem=1:int }%>
%<{ elem=12:int }%>
%<{ elem=5:int }%>
%<{ elem=16:int }%>
%<{ elem=9:int }%>
%<{ elem=2:int }%>
%<{ elem=13:int }%>
%<{ elem=6:int }%>
%<{ elem=17:int }%>
%<{ elem=10:int }%>
%<{ elem=3:int }%>
%<{ elem=14:int }%>
%<{ elem=7:int }%>
%>
%>
%<P
%<{ shoppingCartContents=> }%>
%>
%<S "O:Array"
%<P
%<{ I=4:ID }%>
%>
%>
%<P
%<{ compareCartContents=> }%>
%>
%<S "O:Array"
%<P
%<{ I=5:ID }%>
%>
%>
%>
%>
%<S 360:1381126443998 "E"
%<S "O:eu.fittest.actionscript.automation::RecordEvent"
%<P
%<{ I=0:ID }%>
%<{ targetID="IDY_pwd":String }%>
%<{ type="type":String }%>
%<{ args=> }%>
%>
%<S "O:Array"
%<P
%<{ I=1:ID }%>
%<{ elem="12345":String }%>
%>
%>
%>
%<S "O:AppAbstractState"
%<P
%<{ I=2:ID }%>
%<{ numOfSelectedItems=18:int }%>
%<{ numInShopCart=0:int }%>
%<{ cartCurrency="$":String }%>
%<{ cartTotal="$0.00":String }%>
%<{ numInCompareCart=0:int }%>
%<{ selectedProduct=-1:int }%>
%<{ catalogContents=> }%>
%>
%<S "O:Array"
%<P
%<{ I=3:ID }%>
%<{ elem=18:int }%>
%<{ elem=11:int }%>
%<{ elem=4:int }%>
%<{ elem=15:int }%>
%<{ elem=8:int }%>
%<{ elem=1:int }%>
%<{ elem=12:int }%>
%<{ elem=5:int }%>
%<{ elem=16:int }%>
%<{ elem=9:int }%>
%<{ elem=2:int }%>
%<{ elem=13:int }%>
%<{ elem=6:int }%>
%<{ elem=17:int }%>
%<{ elem=10:int }%>
%<{ elem=3:int }%>
%<{ elem=14:int }%>
%<{ elem=7:int }%>
%>
%>
%<P
%<{ shoppingCartContents=> }%>
%>
%<S "O:Array"
%<P
%<{ I=4:ID }%>
%>
%>
%<P
%<{ compareCartContents=> }%>
%>
%<S "O:Array"
%<P
%<{ I=5:ID }%>
%>
%>
%>
%>
%<S 360:1381126444352 "E"
%<S "O:eu.fittest.actionscript.automation::RecordEvent"
%<P
%<{ I=0:ID }%>
%<{ targetID="IDY_buttonLogin":String }%>
%<{ type="click":String }%>
%<{ args=> }%>
%>
%<S "O:Array"
%<P
%<{ I=1:ID }%>
%>
%>
%>
%<S "O:AppAbstractState"
%<P
%<{ I=2:ID }%>
%<{ numOfSelectedItems=18:int }%>
%<{ numInShopCart=0:int }%>
%<{ cartCurrency="$":String }%>
%<{ cartTotal="$0.00":String }%>
%<{ numInCompareCart=0:int }%>
%<{ selectedProduct=-1:int }%>
%<{ catalogContents=> }%>
%>
%<S "O:Array"
%<P
%<{ I=3:ID }%>
%<{ elem=18:int }%>
%<{ elem=11:int }%>
%<{ elem=4:int }%>
%<{ elem=15:int }%>
%<{ elem=8:int }%>
%<{ elem=1:int }%>
%<{ elem=12:int }%>
%<{ elem=5:int }%>
%<{ elem=16:int }%>
%<{ elem=9:int }%>
%<{ elem=2:int }%>
%<{ elem=13:int }%>
%<{ elem=6:int }%>
%<{ elem=17:int }%>
%<{ elem=10:int }%>
%<{ elem=3:int }%>
%<{ elem=14:int }%>
%<{ elem=7:int }%>
%>
%>
%<P
%<{ shoppingCartContents=> }%>
%>
%<S "O:Array"
%<P
%<{ I=4:ID }%>
%>
%>
%<P
%<{ compareCartContents=> }%>
%>
%<S "O:Array"
%<P
%<{ I=5:ID }%>
%>
%>
%>
%>
%<S 360:1381126448079 "E"
%<S "O:eu.fittest.actionscript.automation::RecordEvent"
%<P
%<{ I=0:ID }%>
%<{ targetID="OK":String }%>
%<{ type="click":String }%>
%<{ args=> }%>
%>
%<S "O:Array"
%<P
%<{ I=1:ID }%>
%>
%>
%>
%<S "O:AppAbstractState"
%<P
%<{ I=2:ID }%>
%<{ numOfSelectedItems=18:int }%>
%<{ numInShopCart=0:int }%>
%<{ cartCurrency="$":String }%>
%<{ cartTotal="$0.00":String }%>
%<{ numInCompareCart=0:int }%>
%<{ selectedProduct=-1:int }%>
%<{ catalogContents=> }%>
%>
%<S "O:Array"
%<P
%<{ I=3:ID }%>
%<{ elem=18:int }%>
%<{ elem=11:int }%>
%<{ elem=4:int }%>
%<{ elem=15:int }%>
%<{ elem=8:int }%>
%<{ elem=1:int }%>
%<{ elem=12:int }%>
%<{ elem=5:int }%>
%<{ elem=16:int }%>
%<{ elem=9:int }%>
%<{ elem=2:int }%>
%<{ elem=13:int }%>
%<{ elem=6:int }%>
%<{ elem=17:int }%>
%<{ elem=10:int }%>
%<{ elem=3:int }%>
%<{ elem=14:int }%>
%<{ elem=7:int }%>
%>
%>
%<P
%<{ shoppingCartContents=> }%>
%>
%<S "O:Array"
%<P
%<{ I=4:ID }%>
%>
%>
%<P
%<{ compareCartContents=> }%>
%>
%<S "O:Array"
%<P
%<{ I=5:ID }%>
%>
%>
%>
%>
%<S 360:1381126450166 "E"
%<S "O:eu.fittest.actionscript.automation::RecordEvent"
%<P
%<{ I=0:ID }%>
%<{ targetID="IDY_pwd":String }%>
%<{ type="click":String }%>
%<{ args=> }%>
%>
%<S "O:Array"
%<P
%<{ I=1:ID }%>
%>
%>
%>
%<S "O:AppAbstractState"
%<P
%<{ I=2:ID }%>
%<{ numOfSelectedItems=18:int }%>
%<{ numInShopCart=0:int }%>
%<{ cartCurrency="$":String }%>
%<{ cartTotal="$0.00":String }%>
%<{ numInCompareCart=0:int }%>
%<{ selectedProduct=-1:int }%>
%<{ catalogContents=> }%>
%>
%<S "O:Array"
%<P
%<{ I=3:ID }%>
%<{ elem=18:int }%>
%<{ elem=11:int }%>
%<{ elem=4:int }%>
%<{ elem=15:int }%>
%<{ elem=8:int }%>
%<{ elem=1:int }%>
%<{ elem=12:int }%>
%<{ elem=5:int }%>
%<{ elem=16:int }%>
%<{ elem=9:int }%>
%<{ elem=2:int }%>
%<{ elem=13:int }%>
%<{ elem=6:int }%>
%<{ elem=17:int }%>
%<{ elem=10:int }%>
%<{ elem=3:int }%>
%<{ elem=14:int }%>
%<{ elem=7:int }%>
%>
%>
%<P
%<{ shoppingCartContents=> }%>
%>
%<S "O:Array"
%<P
%<{ I=4:ID }%>
%>
%>
%<P
%<{ compareCartContents=> }%>
%>
%<S "O:Array"
%<P
%<{ I=5:ID }%>
%>
%>
%>
%>
%<S 360:1381126452083 "E"
%<S "O:eu.fittest.actionscript.automation::RecordEvent"
%<P
%<{ I=0:ID }%>
%<{ targetID="IDY_pwd":String }%>
%<{ type="type":String }%>
%<{ args=> }%>
%>
%<S "O:Array"
%<P
%<{ I=1:ID }%>
%<{ elem="":String }%>
%>
%>
%>
%<S "O:AppAbstractState"
%<P
%<{ I=2:ID }%>
%<{ numOfSelectedItems=18:int }%>
%<{ numInShopCart=0:int }%>
%<{ cartCurrency="$":String }%>
%<{ cartTotal="$0.00":String }%>
%<{ numInCompareCart=0:int }%>
%<{ selectedProduct=-1:int }%>
%<{ catalogContents=> }%>
%>
%<S "O:Array"
%<P
%<{ I=3:ID }%>
%<{ elem=18:int }%>
%<{ elem=11:int }%>
%<{ elem=4:int }%>
%<{ elem=15:int }%>
%<{ elem=8:int }%>
%<{ elem=1:int }%>
%<{ elem=12:int }%>
%<{ elem=5:int }%>
%<{ elem=16:int }%>
%<{ elem=9:int }%>
%<{ elem=2:int }%>
%<{ elem=13:int }%>
%<{ elem=6:int }%>
%<{ elem=17:int }%>
%<{ elem=10:int }%>
%<{ elem=3:int }%>
%<{ elem=14:int }%>
%<{ elem=7:int }%>
%>
%>
%<P
%<{ shoppingCartContents=> }%>
%>
%<S "O:Array"
%<P
%<{ I=4:ID }%>
%>
%>
%<P
%<{ compareCartContents=> }%>
%>
%<S "O:Array"
%<P
%<{ I=5:ID }%>
%>
%>
%>
%>
%<S 360:1381126453352 "E"
%<S "O:eu.fittest.actionscript.automation::RecordEvent"
%<P
%<{ I=0:ID }%>
%<{ targetID="IDY_buttonLogin":String }%>
%<{ type="click":String }%>
%<{ args=> }%>
%>
%<S "O:Array"
%<P
%<{ I=1:ID }%>
%>
%>
%>
%<S "O:AppAbstractState"
%<P
%<{ I=2:ID }%>
%<{ numOfSelectedItems=18:int }%>
%<{ numInShopCart=0:int }%>
%<{ cartCurrency="$":String }%>
%<{ cartTotal="$0.00":String }%>
%<{ numInCompareCart=0:int }%>
%<{ selectedProduct=-1:int }%>
%<{ catalogContents=> }%>
%>
%<S "O:Array"
%<P
%<{ I=3:ID }%>
%<{ elem=18:int }%>
%<{ elem=11:int }%>
%<{ elem=4:int }%>
%<{ elem=15:int }%>
%<{ elem=8:int }%>
%<{ elem=1:int }%>
%<{ elem=12:int }%>
%<{ elem=5:int }%>
%<{ elem=16:int }%>
%<{ elem=9:int }%>
%<{ elem=2:int }%>
%<{ elem=13:int }%>
%<{ elem=6:int }%>
%<{ elem=17:int }%>
%<{ elem=10:int }%>
%<{ elem=3:int }%>
%<{ elem=14:int }%>
%<{ elem=7:int }%>
%>
%>
%<P
%<{ shoppingCartContents=> }%>
%>
%<S "O:Array"
%<P
%<{ I=4:ID }%>
%>
%>
%<P
%<{ compareCartContents=> }%>
%>
%<S "O:Array"
%<P
%<{ I=5:ID }%>
%>
%>
%>
%>
%<S 360:1381126456444 "E"
%<S "O:eu.fittest.actionscript.automation::RecordEvent"
%<P
%<{ I=0:ID }%>
%<{ targetID="OK":String }%>
%<{ type="click":String }%>
%<{ args=> }%>
%>
%<S "O:Array"
%<P
%<{ I=1:ID }%>
%>
%>
%>
%<S "O:AppAbstractState"
%<P
%<{ I=2:ID }%>
%<{ numOfSelectedItems=18:int }%>
%<{ numInShopCart=0:int }%>
%<{ cartCurrency="$":String }%>
%<{ cartTotal="$0.00":String }%>
%<{ numInCompareCart=0:int }%>
%<{ selectedProduct=-1:int }%>
%<{ catalogContents=> }%>
%>
%<S "O:Array"
%<P
%<{ I=3:ID }%>
%<{ elem=18:int }%>
%<{ elem=11:int }%>
%<{ elem=4:int }%>
%<{ elem=15:int }%>
%<{ elem=8:int }%>
%<{ elem=1:int }%>
%<{ elem=12:int }%>
%<{ elem=5:int }%>
%<{ elem=16:int }%>
%<{ elem=9:int }%>
%<{ elem=2:int }%>
%<{ elem=13:int }%>
%<{ elem=6:int }%>
%<{ elem=17:int }%>
%<{ elem=10:int }%>
%<{ elem=3:int }%>
%<{ elem=14:int }%>
%<{ elem=7:int }%>
%>
%>
%<P
%<{ shoppingCartContents=> }%>
%>
%<S "O:Array"
%<P
%<{ I=4:ID }%>
%>
%>
%<P
%<{ compareCartContents=> }%>
%>
%<S "O:Array"
%<P
%<{ I=5:ID }%>
%>
%>
%>
%>
%<S 360:1381126497324 "E"
%<S "O:eu.fittest.actionscript.automation::RecordEvent"
%<P
%<{ I=0:ID }%>
%<{ targetID="IDY_myphonenr1":String }%>
%<{ type="click":String }%>
%<{ args=> }%>
%>
%<S "O:Array"
%<P
%<{ I=1:ID }%>
%>
%>
%>
%<S "O:AppAbstractState"
%<P
%<{ I=2:ID }%>
%<{ numOfSelectedItems=18:int }%>
%<{ numInShopCart=0:int }%>
%<{ cartCurrency="$":String }%>
%<{ cartTotal="$0.00":String }%>
%<{ numInCompareCart=0:int }%>
%<{ selectedProduct=-1:int }%>
%<{ catalogContents=> }%>
%>
%<S "O:Array"
%<P
%<{ I=3:ID }%>
%<{ elem=18:int }%>
%<{ elem=11:int }%>
%<{ elem=4:int }%>
%<{ elem=15:int }%>
%<{ elem=8:int }%>
%<{ elem=1:int }%>
%<{ elem=12:int }%>
%<{ elem=5:int }%>
%<{ elem=16:int }%>
%<{ elem=9:int }%>
%<{ elem=2:int }%>
%<{ elem=13:int }%>
%<{ elem=6:int }%>
%<{ elem=17:int }%>
%<{ elem=10:int }%>
%<{ elem=3:int }%>
%<{ elem=14:int }%>
%<{ elem=7:int }%>
%>
%>
%<P
%<{ shoppingCartContents=> }%>
%>
%<S "O:Array"
%<P
%<{ I=4:ID }%>
%>
%>
%<P
%<{ compareCartContents=> }%>
%>
%<S "O:Array"
%<P
%<{ I=5:ID }%>
%>
%>
%>
%>
%<S 360:1381126499415 "E"
%<S "O:eu.fittest.actionscript.automation::RecordEvent"
%<P
%<{ I=0:ID }%>
%<{ targetID="IDY_myphonenr1":String }%>
%<{ type="type":String }%>
%<{ args=> }%>
%>
%<S "O:Array"
%<P
%<{ I=1:ID }%>
%<{ elem="":String }%>
%>
%>
%>
%<S "O:AppAbstractState"
%<P
%<{ I=2:ID }%>
%<{ numOfSelectedItems=18:int }%>
%<{ numInShopCart=0:int }%>
%<{ cartCurrency="$":String }%>
%<{ cartTotal="$0.00":String }%>
%<{ numInCompareCart=0:int }%>
%<{ selectedProduct=-1:int }%>
%<{ catalogContents=> }%>
%>
%<S "O:Array"
%<P
%<{ I=3:ID }%>
%<{ elem=18:int }%>
%<{ elem=11:int }%>
%<{ elem=4:int }%>
%<{ elem=15:int }%>
%<{ elem=8:int }%>
%<{ elem=1:int }%>
%<{ elem=12:int }%>
%<{ elem=5:int }%>
%<{ elem=16:int }%>
%<{ elem=9:int }%>
%<{ elem=2:int }%>
%<{ elem=13:int }%>
%<{ elem=6:int }%>
%<{ elem=17:int }%>
%<{ elem=10:int }%>
%<{ elem=3:int }%>
%<{ elem=14:int }%>
%<{ elem=7:int }%>
%>
%>
%<P
%<{ shoppingCartContents=> }%>
%>
%<S "O:Array"
%<P
%<{ I=4:ID }%>
%>
%>
%<P
%<{ compareCartContents=> }%>
%>
%<S "O:Array"
%<P
%<{ I=5:ID }%>
%>
%>
%>
%>
%<S 360:1381126500835 "E"
%<S "O:eu.fittest.actionscript.automation::RecordEvent"
%<P
%<{ I=0:ID }%>
%<{ targetID="IDY_checkbox_remember":String }%>
%<{ type="click":String }%>
%<{ args=> }%>
%>
%<S "O:Array"
%<P
%<{ I=1:ID }%>
%>
%>
%>
%<S "O:AppAbstractState"
%<P
%<{ I=2:ID }%>
%<{ numOfSelectedItems=18:int }%>
%<{ numInShopCart=0:int }%>
%<{ cartCurrency="$":String }%>
%<{ cartTotal="$0.00":String }%>
%<{ numInCompareCart=0:int }%>
%<{ selectedProduct=-1:int }%>
%<{ catalogContents=> }%>
%>
%<S "O:Array"
%<P
%<{ I=3:ID }%>
%<{ elem=18:int }%>
%<{ elem=11:int }%>
%<{ elem=4:int }%>
%<{ elem=15:int }%>
%<{ elem=8:int }%>
%<{ elem=1:int }%>
%<{ elem=12:int }%>
%<{ elem=5:int }%>
%<{ elem=16:int }%>
%<{ elem=9:int }%>
%<{ elem=2:int }%>
%<{ elem=13:int }%>
%<{ elem=6:int }%>
%<{ elem=17:int }%>
%<{ elem=10:int }%>
%<{ elem=3:int }%>
%<{ elem=14:int }%>
%<{ elem=7:int }%>
%>
%>
%<P
%<{ shoppingCartContents=> }%>
%>
%<S "O:Array"
%<P
%<{ I=4:ID }%>
%>
%>
%<P
%<{ compareCartContents=> }%>
%>
%<S "O:Array"
%<P
%<{ I=5:ID }%>
%>
%>
%>
%>
%<S 360:1381126557021 "E"
%<S "O:eu.fittest.actionscript.automation::RecordEvent"
%<P
%<{ I=0:ID }%>
%<{ targetID="Image3":String }%>
%<{ type="click":String }%>
%<{ args=> }%>
%>
%<S "O:Array"
%<P
%<{ I=1:ID }%>
%>
%>
%>
%<S "O:AppAbstractState"
%<P
%<{ I=2:ID }%>
%<{ numOfSelectedItems=18:int }%>
%<{ numInShopCart=0:int }%>
%<{ cartCurrency="$":String }%>
%<{ cartTotal="$0.00":String }%>
%<{ numInCompareCart=0:int }%>
%<{ selectedProduct=-1:int }%>
%<{ catalogContents=> }%>
%>
%<S "O:Array"
%<P
%<{ I=3:ID }%>
%<{ elem=18:int }%>
%<{ elem=11:int }%>
%<{ elem=4:int }%>
%<{ elem=15:int }%>
%<{ elem=8:int }%>
%<{ elem=1:int }%>
%<{ elem=12:int }%>
%<{ elem=5:int }%>
%<{ elem=16:int }%>
%<{ elem=9:int }%>
%<{ elem=2:int }%>
%<{ elem=13:int }%>
%<{ elem=6:int }%>
%<{ elem=17:int }%>
%<{ elem=10:int }%>
%<{ elem=3:int }%>
%<{ elem=14:int }%>
%<{ elem=7:int }%>
%>
%>
%<P
%<{ shoppingCartContents=> }%>
%>
%<S "O:Array"
%<P
%<{ I=4:ID }%>
%>
%>
%<P
%<{ compareCartContents=> }%>
%>
%<S "O:Array"
%<P
%<{ I=5:ID }%>
%>
%>
%>
%>
