%<S -60:1384863636880 "E"
%<S "O:eu.fittest.actionscript.automation::RecordEvent"
%<P
%<{ I=0:ID }%>
%<{ targetID="ButtonBar0":String }%>
%<{ type="itemclick":String }%>
%<{ args=> }%>
%>
%<S "O:Array"
%<P
%<{ I=1:ID }%>
%<{ elem=1:int }%>
%>
%>
%>
%<S "O:AppAbstractState"
%<P
%<{ I=2:ID }%>
%<{ numOfSelectedItems=18:int }%>
%<{ numInShopCart=0:int }%>
%<{ cartCurrency="$":String }%>
%<{ cartTotal="$0.00":String }%>
%<{ numInCompareCart=0:int }%>
%<{ selectedProduct=-1:int }%>
%<{ catalogContents=> }%>
%>
%<S "O:Array"
%<P
%<{ I=3:ID }%>
%<{ elem=3:int }%>
%<{ elem=2:int }%>
%<{ elem=5:int }%>
%<{ elem=1:int }%>
%<{ elem=7:int }%>
%<{ elem=9:int }%>
%<{ elem=11:int }%>
%<{ elem=18:int }%>
%<{ elem=13:int }%>
%<{ elem=15:int }%>
%<{ elem=17:int }%>
%<{ elem=4:int }%>
%<{ elem=6:int }%>
%<{ elem=8:int }%>
%<{ elem=10:int }%>
%<{ elem=12:int }%>
%<{ elem=14:int }%>
%<{ elem=16:int }%>
%>
%>
%<P
%<{ shoppingCartContents=> }%>
%>
%<S "O:Array"
%<P
%<{ I=4:ID }%>
%>
%>
%<P
%<{ compareCartContents=> }%>
%>
%<S "O:Array"
%<P
%<{ I=5:ID }%>
%>
%>
%>
%>
%<S -60:1384863656423 "E"
%<S "O:eu.fittest.actionscript.automation::RecordEvent"
%<P
%<{ I=0:ID }%>
%<{ targetID="IDY_filterPanel_cbVideo":String }%>
%<{ type="click":String }%>
%<{ args=> }%>
%>
%<S "O:Array"
%<P
%<{ I=1:ID }%>
%>
%>
%>
%<S "O:AppAbstractState"
%<P
%<{ I=2:ID }%>
%<{ numOfSelectedItems=11:int }%>
%<{ numInShopCart=0:int }%>
%<{ cartCurrency="$":String }%>
%<{ cartTotal="$0.00":String }%>
%<{ numInCompareCart=0:int }%>
%<{ selectedProduct=-1:int }%>
%<{ catalogContents=> }%>
%>
%<S "O:Array"
%<P
%<{ I=3:ID }%>
%<{ elem=9:int }%>
%<{ elem=11:int }%>
%<{ elem=18:int }%>
%<{ elem=13:int }%>
%<{ elem=15:int }%>
%<{ elem=17:int }%>
%<{ elem=6:int }%>
%<{ elem=8:int }%>
%<{ elem=10:int }%>
%<{ elem=12:int }%>
%<{ elem=14:int }%>
%>
%>
%<P
%<{ shoppingCartContents=> }%>
%>
%<S "O:Array"
%<P
%<{ I=4:ID }%>
%>
%>
%<P
%<{ compareCartContents=> }%>
%>
%<S "O:Array"
%<P
%<{ I=5:ID }%>
%>
%>
%>
%>
%<S -60:1384863657933 "E"
%<S "O:eu.fittest.actionscript.automation::RecordEvent"
%<P
%<{ I=0:ID }%>
%<{ targetID="IDY_filterPanel_cbCamera":String }%>
%<{ type="click":String }%>
%<{ args=> }%>
%>
%<S "O:Array"
%<P
%<{ I=1:ID }%>
%>
%>
%>
%<S "O:AppAbstractState"
%<P
%<{ I=2:ID }%>
%<{ numOfSelectedItems=11:int }%>
%<{ numInShopCart=0:int }%>
%<{ cartCurrency="$":String }%>
%<{ cartTotal="$0.00":String }%>
%<{ numInCompareCart=0:int }%>
%<{ selectedProduct=-1:int }%>
%<{ catalogContents=> }%>
%>
%<S "O:Array"
%<P
%<{ I=3:ID }%>
%<{ elem=9:int }%>
%<{ elem=11:int }%>
%<{ elem=18:int }%>
%<{ elem=13:int }%>
%<{ elem=15:int }%>
%<{ elem=17:int }%>
%<{ elem=6:int }%>
%<{ elem=8:int }%>
%<{ elem=10:int }%>
%<{ elem=12:int }%>
%<{ elem=14:int }%>
%>
%>
%<P
%<{ shoppingCartContents=> }%>
%>
%<S "O:Array"
%<P
%<{ I=4:ID }%>
%>
%>
%<P
%<{ compareCartContents=> }%>
%>
%<S "O:Array"
%<P
%<{ I=5:ID }%>
%>
%>
%>
%>
%<S -60:1384863659861 "E"
%<S "O:eu.fittest.actionscript.automation::RecordEvent"
%<P
%<{ I=0:ID }%>
%<{ targetID="IDY_filterPanel_cbTriband":String }%>
%<{ type="click":String }%>
%<{ args=> }%>
%>
%<S "O:Array"
%<P
%<{ I=1:ID }%>
%>
%>
%>
%<S "O:AppAbstractState"
%<P
%<{ I=2:ID }%>
%<{ numOfSelectedItems=1:int }%>
%<{ numInShopCart=0:int }%>
%<{ cartCurrency="$":String }%>
%<{ cartTotal="$0.00":String }%>
%<{ numInCompareCart=0:int }%>
%<{ selectedProduct=-1:int }%>
%<{ catalogContents=> }%>
%>
%<S "O:Array"
%<P
%<{ I=3:ID }%>
%<{ elem=17:int }%>
%>
%>
%<P
%<{ shoppingCartContents=> }%>
%>
%<S "O:Array"
%<P
%<{ I=4:ID }%>
%>
%>
%<P
%<{ compareCartContents=> }%>
%>
%<S "O:Array"
%<P
%<{ I=5:ID }%>
%>
%>
%>
%>
%<S -60:1384863678376 "E"
%<S "O:eu.fittest.actionscript.automation::RecordEvent"
%<P
%<{ I=0:ID }%>
%<{ targetID="IDY_purchase_17":String }%>
%<{ type="click":String }%>
%<{ args=> }%>
%>
%<S "O:Array"
%<P
%<{ I=1:ID }%>
%>
%>
%>
%<S "O:AppAbstractState"
%<P
%<{ I=2:ID }%>
%<{ numOfSelectedItems=1:int }%>
%<{ numInShopCart=1:int }%>
%<{ cartCurrency="$":String }%>
%<{ cartTotal="$801.98":String }%>
%<{ numInCompareCart=0:int }%>
%<{ selectedProduct=-1:int }%>
%<{ catalogContents=> }%>
%>
%<S "O:Array"
%<P
%<{ I=3:ID }%>
%<{ elem=17:int }%>
%>
%>
%<P
%<{ shoppingCartContents=> }%>
%>
%<S "O:Array"
%<P
%<{ I=4:ID }%>
%<{ elem=17:int }%>
%>
%>
%<P
%<{ compareCartContents=> }%>
%>
%<S "O:Array"
%<P
%<{ I=5:ID }%>
%>
%>
%>
%>
%<S -60:1384863678377 "E"
%<S "O:eu.fittest.actionscript.automation::RecordEvent"
%<P
%<{ I=0:ID }%>
%<{ targetID="IDY_cancas_17":String }%>
%<{ type="click":String }%>
%<{ args=> }%>
%>
%<S "O:Array"
%<P
%<{ I=1:ID }%>
%>
%>
%>
%<S "O:AppAbstractState"
%<P
%<{ I=2:ID }%>
%<{ numOfSelectedItems=1:int }%>
%<{ numInShopCart=1:int }%>
%<{ cartCurrency="$":String }%>
%<{ cartTotal="$801.98":String }%>
%<{ numInCompareCart=0:int }%>
%<{ selectedProduct=-1:int }%>
%<{ catalogContents=> }%>
%>
%<S "O:Array"
%<P
%<{ I=3:ID }%>
%<{ elem=17:int }%>
%>
%>
%<P
%<{ shoppingCartContents=> }%>
%>
%<S "O:Array"
%<P
%<{ I=4:ID }%>
%<{ elem=17:int }%>
%>
%>
%<P
%<{ compareCartContents=> }%>
%>
%<S "O:Array"
%<P
%<{ I=5:ID }%>
%>
%>
%>
%>
%<S -60:1384863699452 "E"
%<S "O:eu.fittest.actionscript.automation::RecordEvent"
%<P
%<{ I=0:ID }%>
%<{ targetID="IDY_filterGrip_img1":String }%>
%<{ type="click":String }%>
%<{ args=> }%>
%>
%<S "O:Array"
%<P
%<{ I=1:ID }%>
%>
%>
%>
%<S "O:AppAbstractState"
%<P
%<{ I=2:ID }%>
%<{ numOfSelectedItems=1:int }%>
%<{ numInShopCart=1:int }%>
%<{ cartCurrency="$":String }%>
%<{ cartTotal="$801.98":String }%>
%<{ numInCompareCart=0:int }%>
%<{ selectedProduct=-1:int }%>
%<{ catalogContents=> }%>
%>
%<S "O:Array"
%<P
%<{ I=3:ID }%>
%<{ elem=17:int }%>
%>
%>
%<P
%<{ shoppingCartContents=> }%>
%>
%<S "O:Array"
%<P
%<{ I=4:ID }%>
%<{ elem=17:int }%>
%>
%>
%<P
%<{ compareCartContents=> }%>
%>
%<S "O:Array"
%<P
%<{ I=5:ID }%>
%>
%>
%>
%>
%<S -60:1384863702464 "E"
%<S "O:eu.fittest.actionscript.automation::RecordEvent"
%<P
%<{ I=0:ID }%>
%<{ targetID="IDY_filterPanel_cbVideo":String }%>
%<{ type="click":String }%>
%<{ args=> }%>
%>
%<S "O:Array"
%<P
%<{ I=1:ID }%>
%>
%>
%>
%<S "O:AppAbstractState"
%<P
%<{ I=2:ID }%>
%<{ numOfSelectedItems=2:int }%>
%<{ numInShopCart=1:int }%>
%<{ cartCurrency="$":String }%>
%<{ cartTotal="$801.98":String }%>
%<{ numInCompareCart=0:int }%>
%<{ selectedProduct=-1:int }%>
%<{ catalogContents=> }%>
%>
%<S "O:Array"
%<P
%<{ I=3:ID }%>
%<{ elem=7:int }%>
%<{ elem=17:int }%>
%>
%>
%<P
%<{ shoppingCartContents=> }%>
%>
%<S "O:Array"
%<P
%<{ I=4:ID }%>
%<{ elem=17:int }%>
%>
%>
%<P
%<{ compareCartContents=> }%>
%>
%<S "O:Array"
%<P
%<{ I=5:ID }%>
%>
%>
%>
%>
%<S -60:1384863708367 "E"
%<S "O:eu.fittest.actionscript.automation::RecordEvent"
%<P
%<{ I=0:ID }%>
%<{ targetID="IDY_filterPanel_cbCamera":String }%>
%<{ type="click":String }%>
%<{ args=> }%>
%>
%<S "O:Array"
%<P
%<{ I=1:ID }%>
%>
%>
%>
%<S "O:AppAbstractState"
%<P
%<{ I=2:ID }%>
%<{ numOfSelectedItems=6:int }%>
%<{ numInShopCart=1:int }%>
%<{ cartCurrency="$":String }%>
%<{ cartTotal="$801.98":String }%>
%<{ numInCompareCart=0:int }%>
%<{ selectedProduct=-1:int }%>
%<{ catalogContents=> }%>
%>
%<S "O:Array"
%<P
%<{ I=3:ID }%>
%<{ elem=3:int }%>
%<{ elem=2:int }%>
%<{ elem=7:int }%>
%<{ elem=17:int }%>
%<{ elem=4:int }%>
%<{ elem=16:int }%>
%>
%>
%<P
%<{ shoppingCartContents=> }%>
%>
%<S "O:Array"
%<P
%<{ I=4:ID }%>
%<{ elem=17:int }%>
%>
%>
%<P
%<{ compareCartContents=> }%>
%>
%<S "O:Array"
%<P
%<{ I=5:ID }%>
%>
%>
%>
%>
%<S -60:1384863715199 "E"
%<S "O:eu.fittest.actionscript.automation::RecordEvent"
%<P
%<{ I=0:ID }%>
%<{ targetID="IDY_priceSlider":String }%>
%<{ type="change":String }%>
%<{ args=> }%>
%>
%<S "O:Array"
%<P
%<{ I=1:ID }%>
%<{ elem=1:int }%>
%<{ elem=600:int }%>
%>
%>
%>
%<S "O:AppAbstractState"
%<P
%<{ I=2:ID }%>
%<{ numOfSelectedItems=5:int }%>
%<{ numInShopCart=1:int }%>
%<{ cartCurrency="$":String }%>
%<{ cartTotal="$801.98":String }%>
%<{ numInCompareCart=0:int }%>
%<{ selectedProduct=-1:int }%>
%<{ catalogContents=> }%>
%>
%<S "O:Array"
%<P
%<{ I=3:ID }%>
%<{ elem=3:int }%>
%<{ elem=2:int }%>
%<{ elem=7:int }%>
%<{ elem=4:int }%>
%<{ elem=16:int }%>
%>
%>
%<P
%<{ shoppingCartContents=> }%>
%>
%<S "O:Array"
%<P
%<{ I=4:ID }%>
%<{ elem=17:int }%>
%>
%>
%<P
%<{ compareCartContents=> }%>
%>
%<S "O:Array"
%<P
%<{ I=5:ID }%>
%>
%>
%>
%>
%<S -60:1384863719789 "E"
%<S "O:eu.fittest.actionscript.automation::RecordEvent"
%<P
%<{ I=0:ID }%>
%<{ targetID="IDY_priceSlider":String }%>
%<{ type="change":String }%>
%<{ args=> }%>
%>
%<S "O:Array"
%<P
%<{ I=1:ID }%>
%<{ elem=1:int }%>
%<{ elem=610:int }%>
%>
%>
%>
%<S "O:AppAbstractState"
%<P
%<{ I=2:ID }%>
%<{ numOfSelectedItems=5:int }%>
%<{ numInShopCart=1:int }%>
%<{ cartCurrency="$":String }%>
%<{ cartTotal="$801.98":String }%>
%<{ numInCompareCart=0:int }%>
%<{ selectedProduct=-1:int }%>
%<{ catalogContents=> }%>
%>
%<S "O:Array"
%<P
%<{ I=3:ID }%>
%<{ elem=3:int }%>
%<{ elem=2:int }%>
%<{ elem=7:int }%>
%<{ elem=4:int }%>
%<{ elem=16:int }%>
%>
%>
%<P
%<{ shoppingCartContents=> }%>
%>
%<S "O:Array"
%<P
%<{ I=4:ID }%>
%<{ elem=17:int }%>
%>
%>
%<P
%<{ compareCartContents=> }%>
%>
%<S "O:Array"
%<P
%<{ I=5:ID }%>
%>
%>
%>
%>
%<S -60:1384863719970 "E"
%<S "O:eu.fittest.actionscript.automation::RecordEvent"
%<P
%<{ I=0:ID }%>
%<{ targetID="IDY_priceSlider":String }%>
%<{ type="change":String }%>
%<{ args=> }%>
%>
%<S "O:Array"
%<P
%<{ I=1:ID }%>
%<{ elem=1:int }%>
%<{ elem=620:int }%>
%>
%>
%>
%<S "O:AppAbstractState"
%<P
%<{ I=2:ID }%>
%<{ numOfSelectedItems=5:int }%>
%<{ numInShopCart=1:int }%>
%<{ cartCurrency="$":String }%>
%<{ cartTotal="$801.98":String }%>
%<{ numInCompareCart=0:int }%>
%<{ selectedProduct=-1:int }%>
%<{ catalogContents=> }%>
%>
%<S "O:Array"
%<P
%<{ I=3:ID }%>
%<{ elem=3:int }%>
%<{ elem=2:int }%>
%<{ elem=7:int }%>
%<{ elem=4:int }%>
%<{ elem=16:int }%>
%>
%>
%<P
%<{ shoppingCartContents=> }%>
%>
%<S "O:Array"
%<P
%<{ I=4:ID }%>
%<{ elem=17:int }%>
%>
%>
%<P
%<{ compareCartContents=> }%>
%>
%<S "O:Array"
%<P
%<{ I=5:ID }%>
%>
%>
%>
%>
%<S -60:1384863720236 "E"
%<S "O:eu.fittest.actionscript.automation::RecordEvent"
%<P
%<{ I=0:ID }%>
%<{ targetID="IDY_priceSlider":String }%>
%<{ type="change":String }%>
%<{ args=> }%>
%>
%<S "O:Array"
%<P
%<{ I=1:ID }%>
%<{ elem=1:int }%>
%<{ elem=630:int }%>
%>
%>
%>
%<S "O:AppAbstractState"
%<P
%<{ I=2:ID }%>
%<{ numOfSelectedItems=5:int }%>
%<{ numInShopCart=1:int }%>
%<{ cartCurrency="$":String }%>
%<{ cartTotal="$801.98":String }%>
%<{ numInCompareCart=0:int }%>
%<{ selectedProduct=-1:int }%>
%<{ catalogContents=> }%>
%>
%<S "O:Array"
%<P
%<{ I=3:ID }%>
%<{ elem=3:int }%>
%<{ elem=2:int }%>
%<{ elem=7:int }%>
%<{ elem=4:int }%>
%<{ elem=16:int }%>
%>
%>
%<P
%<{ shoppingCartContents=> }%>
%>
%<S "O:Array"
%<P
%<{ I=4:ID }%>
%<{ elem=17:int }%>
%>
%>
%<P
%<{ compareCartContents=> }%>
%>
%<S "O:Array"
%<P
%<{ I=5:ID }%>
%>
%>
%>
%>
%<S -60:1384863720453 "E"
%<S "O:eu.fittest.actionscript.automation::RecordEvent"
%<P
%<{ I=0:ID }%>
%<{ targetID="IDY_priceSlider":String }%>
%<{ type="change":String }%>
%<{ args=> }%>
%>
%<S "O:Array"
%<P
%<{ I=1:ID }%>
%<{ elem=1:int }%>
%<{ elem=640:int }%>
%>
%>
%>
%<S "O:AppAbstractState"
%<P
%<{ I=2:ID }%>
%<{ numOfSelectedItems=5:int }%>
%<{ numInShopCart=1:int }%>
%<{ cartCurrency="$":String }%>
%<{ cartTotal="$801.98":String }%>
%<{ numInCompareCart=0:int }%>
%<{ selectedProduct=-1:int }%>
%<{ catalogContents=> }%>
%>
%<S "O:Array"
%<P
%<{ I=3:ID }%>
%<{ elem=3:int }%>
%<{ elem=2:int }%>
%<{ elem=7:int }%>
%<{ elem=4:int }%>
%<{ elem=16:int }%>
%>
%>
%<P
%<{ shoppingCartContents=> }%>
%>
%<S "O:Array"
%<P
%<{ I=4:ID }%>
%<{ elem=17:int }%>
%>
%>
%<P
%<{ compareCartContents=> }%>
%>
%<S "O:Array"
%<P
%<{ I=5:ID }%>
%>
%>
%>
%>
%<S -60:1384863720487 "E"
%<S "O:eu.fittest.actionscript.automation::RecordEvent"
%<P
%<{ I=0:ID }%>
%<{ targetID="IDY_priceSlider":String }%>
%<{ type="change":String }%>
%<{ args=> }%>
%>
%<S "O:Array"
%<P
%<{ I=1:ID }%>
%<{ elem=1:int }%>
%<{ elem=650:int }%>
%>
%>
%>
%<S "O:AppAbstractState"
%<P
%<{ I=2:ID }%>
%<{ numOfSelectedItems=5:int }%>
%<{ numInShopCart=1:int }%>
%<{ cartCurrency="$":String }%>
%<{ cartTotal="$801.98":String }%>
%<{ numInCompareCart=0:int }%>
%<{ selectedProduct=-1:int }%>
%<{ catalogContents=> }%>
%>
%<S "O:Array"
%<P
%<{ I=3:ID }%>
%<{ elem=3:int }%>
%<{ elem=2:int }%>
%<{ elem=7:int }%>
%<{ elem=4:int }%>
%<{ elem=16:int }%>
%>
%>
%<P
%<{ shoppingCartContents=> }%>
%>
%<S "O:Array"
%<P
%<{ I=4:ID }%>
%<{ elem=17:int }%>
%>
%>
%<P
%<{ compareCartContents=> }%>
%>
%<S "O:Array"
%<P
%<{ I=5:ID }%>
%>
%>
%>
%>
%<S -60:1384863720503 "E"
%<S "O:eu.fittest.actionscript.automation::RecordEvent"
%<P
%<{ I=0:ID }%>
%<{ targetID="IDY_priceSlider":String }%>
%<{ type="change":String }%>
%<{ args=> }%>
%>
%<S "O:Array"
%<P
%<{ I=1:ID }%>
%<{ elem=1:int }%>
%<{ elem=660:int }%>
%>
%>
%>
%<S "O:AppAbstractState"
%<P
%<{ I=2:ID }%>
%<{ numOfSelectedItems=5:int }%>
%<{ numInShopCart=1:int }%>
%<{ cartCurrency="$":String }%>
%<{ cartTotal="$801.98":String }%>
%<{ numInCompareCart=0:int }%>
%<{ selectedProduct=-1:int }%>
%<{ catalogContents=> }%>
%>
%<S "O:Array"
%<P
%<{ I=3:ID }%>
%<{ elem=3:int }%>
%<{ elem=2:int }%>
%<{ elem=7:int }%>
%<{ elem=4:int }%>
%<{ elem=16:int }%>
%>
%>
%<P
%<{ shoppingCartContents=> }%>
%>
%<S "O:Array"
%<P
%<{ I=4:ID }%>
%<{ elem=17:int }%>
%>
%>
%<P
%<{ compareCartContents=> }%>
%>
%<S "O:Array"
%<P
%<{ I=5:ID }%>
%>
%>
%>
%>
%<S -60:1384863720521 "E"
%<S "O:eu.fittest.actionscript.automation::RecordEvent"
%<P
%<{ I=0:ID }%>
%<{ targetID="IDY_priceSlider":String }%>
%<{ type="change":String }%>
%<{ args=> }%>
%>
%<S "O:Array"
%<P
%<{ I=1:ID }%>
%<{ elem=1:int }%>
%<{ elem=670:int }%>
%>
%>
%>
%<S "O:AppAbstractState"
%<P
%<{ I=2:ID }%>
%<{ numOfSelectedItems=5:int }%>
%<{ numInShopCart=1:int }%>
%<{ cartCurrency="$":String }%>
%<{ cartTotal="$801.98":String }%>
%<{ numInCompareCart=0:int }%>
%<{ selectedProduct=-1:int }%>
%<{ catalogContents=> }%>
%>
%<S "O:Array"
%<P
%<{ I=3:ID }%>
%<{ elem=3:int }%>
%<{ elem=2:int }%>
%<{ elem=7:int }%>
%<{ elem=4:int }%>
%<{ elem=16:int }%>
%>
%>
%<P
%<{ shoppingCartContents=> }%>
%>
%<S "O:Array"
%<P
%<{ I=4:ID }%>
%<{ elem=17:int }%>
%>
%>
%<P
%<{ compareCartContents=> }%>
%>
%<S "O:Array"
%<P
%<{ I=5:ID }%>
%>
%>
%>
%>
%<S -60:1384863720570 "E"
%<S "O:eu.fittest.actionscript.automation::RecordEvent"
%<P
%<{ I=0:ID }%>
%<{ targetID="IDY_priceSlider":String }%>
%<{ type="change":String }%>
%<{ args=> }%>
%>
%<S "O:Array"
%<P
%<{ I=1:ID }%>
%<{ elem=1:int }%>
%<{ elem=680:int }%>
%>
%>
%>
%<S "O:AppAbstractState"
%<P
%<{ I=2:ID }%>
%<{ numOfSelectedItems=5:int }%>
%<{ numInShopCart=1:int }%>
%<{ cartCurrency="$":String }%>
%<{ cartTotal="$801.98":String }%>
%<{ numInCompareCart=0:int }%>
%<{ selectedProduct=-1:int }%>
%<{ catalogContents=> }%>
%>
%<S "O:Array"
%<P
%<{ I=3:ID }%>
%<{ elem=3:int }%>
%<{ elem=2:int }%>
%<{ elem=7:int }%>
%<{ elem=4:int }%>
%<{ elem=16:int }%>
%>
%>
%<P
%<{ shoppingCartContents=> }%>
%>
%<S "O:Array"
%<P
%<{ I=4:ID }%>
%<{ elem=17:int }%>
%>
%>
%<P
%<{ compareCartContents=> }%>
%>
%<S "O:Array"
%<P
%<{ I=5:ID }%>
%>
%>
%>
%>
%<S -60:1384863720587 "E"
%<S "O:eu.fittest.actionscript.automation::RecordEvent"
%<P
%<{ I=0:ID }%>
%<{ targetID="IDY_priceSlider":String }%>
%<{ type="change":String }%>
%<{ args=> }%>
%>
%<S "O:Array"
%<P
%<{ I=1:ID }%>
%<{ elem=1:int }%>
%<{ elem=690:int }%>
%>
%>
%>
%<S "O:AppAbstractState"
%<P
%<{ I=2:ID }%>
%<{ numOfSelectedItems=5:int }%>
%<{ numInShopCart=1:int }%>
%<{ cartCurrency="$":String }%>
%<{ cartTotal="$801.98":String }%>
%<{ numInCompareCart=0:int }%>
%<{ selectedProduct=-1:int }%>
%<{ catalogContents=> }%>
%>
%<S "O:Array"
%<P
%<{ I=3:ID }%>
%<{ elem=3:int }%>
%<{ elem=2:int }%>
%<{ elem=7:int }%>
%<{ elem=4:int }%>
%<{ elem=16:int }%>
%>
%>
%<P
%<{ shoppingCartContents=> }%>
%>
%<S "O:Array"
%<P
%<{ I=4:ID }%>
%<{ elem=17:int }%>
%>
%>
%<P
%<{ compareCartContents=> }%>
%>
%<S "O:Array"
%<P
%<{ I=5:ID }%>
%>
%>
%>
%>
%<S -60:1384863720604 "E"
%<S "O:eu.fittest.actionscript.automation::RecordEvent"
%<P
%<{ I=0:ID }%>
%<{ targetID="IDY_priceSlider":String }%>
%<{ type="change":String }%>
%<{ args=> }%>
%>
%<S "O:Array"
%<P
%<{ I=1:ID }%>
%<{ elem=1:int }%>
%<{ elem=700:int }%>
%>
%>
%>
%<S "O:AppAbstractState"
%<P
%<{ I=2:ID }%>
%<{ numOfSelectedItems=5:int }%>
%<{ numInShopCart=1:int }%>
%<{ cartCurrency="$":String }%>
%<{ cartTotal="$801.98":String }%>
%<{ numInCompareCart=0:int }%>
%<{ selectedProduct=-1:int }%>
%<{ catalogContents=> }%>
%>
%<S "O:Array"
%<P
%<{ I=3:ID }%>
%<{ elem=3:int }%>
%<{ elem=2:int }%>
%<{ elem=7:int }%>
%<{ elem=4:int }%>
%<{ elem=16:int }%>
%>
%>
%<P
%<{ shoppingCartContents=> }%>
%>
%<S "O:Array"
%<P
%<{ I=4:ID }%>
%<{ elem=17:int }%>
%>
%>
%<P
%<{ compareCartContents=> }%>
%>
%<S "O:Array"
%<P
%<{ I=5:ID }%>
%>
%>
%>
%>
%<S -60:1384863720620 "E"
%<S "O:eu.fittest.actionscript.automation::RecordEvent"
%<P
%<{ I=0:ID }%>
%<{ targetID="IDY_priceSlider":String }%>
%<{ type="change":String }%>
%<{ args=> }%>
%>
%<S "O:Array"
%<P
%<{ I=1:ID }%>
%<{ elem=1:int }%>
%<{ elem=710:int }%>
%>
%>
%>
%<S "O:AppAbstractState"
%<P
%<{ I=2:ID }%>
%<{ numOfSelectedItems=5:int }%>
%<{ numInShopCart=1:int }%>
%<{ cartCurrency="$":String }%>
%<{ cartTotal="$801.98":String }%>
%<{ numInCompareCart=0:int }%>
%<{ selectedProduct=-1:int }%>
%<{ catalogContents=> }%>
%>
%<S "O:Array"
%<P
%<{ I=3:ID }%>
%<{ elem=3:int }%>
%<{ elem=2:int }%>
%<{ elem=7:int }%>
%<{ elem=4:int }%>
%<{ elem=16:int }%>
%>
%>
%<P
%<{ shoppingCartContents=> }%>
%>
%<S "O:Array"
%<P
%<{ I=4:ID }%>
%<{ elem=17:int }%>
%>
%>
%<P
%<{ compareCartContents=> }%>
%>
%<S "O:Array"
%<P
%<{ I=5:ID }%>
%>
%>
%>
%>
%<S -60:1384863720636 "E"
%<S "O:eu.fittest.actionscript.automation::RecordEvent"
%<P
%<{ I=0:ID }%>
%<{ targetID="IDY_priceSlider":String }%>
%<{ type="change":String }%>
%<{ args=> }%>
%>
%<S "O:Array"
%<P
%<{ I=1:ID }%>
%<{ elem=1:int }%>
%<{ elem=720:int }%>
%>
%>
%>
%<S "O:AppAbstractState"
%<P
%<{ I=2:ID }%>
%<{ numOfSelectedItems=5:int }%>
%<{ numInShopCart=1:int }%>
%<{ cartCurrency="$":String }%>
%<{ cartTotal="$801.98":String }%>
%<{ numInCompareCart=0:int }%>
%<{ selectedProduct=-1:int }%>
%<{ catalogContents=> }%>
%>
%<S "O:Array"
%<P
%<{ I=3:ID }%>
%<{ elem=3:int }%>
%<{ elem=2:int }%>
%<{ elem=7:int }%>
%<{ elem=4:int }%>
%<{ elem=16:int }%>
%>
%>
%<P
%<{ shoppingCartContents=> }%>
%>
%<S "O:Array"
%<P
%<{ I=4:ID }%>
%<{ elem=17:int }%>
%>
%>
%<P
%<{ compareCartContents=> }%>
%>
%<S "O:Array"
%<P
%<{ I=5:ID }%>
%>
%>
%>
%>
%<S -60:1384863720803 "E"
%<S "O:eu.fittest.actionscript.automation::RecordEvent"
%<P
%<{ I=0:ID }%>
%<{ targetID="IDY_priceSlider":String }%>
%<{ type="change":String }%>
%<{ args=> }%>
%>
%<S "O:Array"
%<P
%<{ I=1:ID }%>
%<{ elem=1:int }%>
%<{ elem=730:int }%>
%>
%>
%>
%<S "O:AppAbstractState"
%<P
%<{ I=2:ID }%>
%<{ numOfSelectedItems=5:int }%>
%<{ numInShopCart=1:int }%>
%<{ cartCurrency="$":String }%>
%<{ cartTotal="$801.98":String }%>
%<{ numInCompareCart=0:int }%>
%<{ selectedProduct=-1:int }%>
%<{ catalogContents=> }%>
%>
%<S "O:Array"
%<P
%<{ I=3:ID }%>
%<{ elem=3:int }%>
%<{ elem=2:int }%>
%<{ elem=7:int }%>
%<{ elem=4:int }%>
%<{ elem=16:int }%>
%>
%>
%<P
%<{ shoppingCartContents=> }%>
%>
%<S "O:Array"
%<P
%<{ I=4:ID }%>
%<{ elem=17:int }%>
%>
%>
%<P
%<{ compareCartContents=> }%>
%>
%<S "O:Array"
%<P
%<{ I=5:ID }%>
%>
%>
%>
%>
%<S -60:1384863720870 "E"
%<S "O:eu.fittest.actionscript.automation::RecordEvent"
%<P
%<{ I=0:ID }%>
%<{ targetID="IDY_priceSlider":String }%>
%<{ type="change":String }%>
%<{ args=> }%>
%>
%<S "O:Array"
%<P
%<{ I=1:ID }%>
%<{ elem=1:int }%>
%<{ elem=740:int }%>
%>
%>
%>
%<S "O:AppAbstractState"
%<P
%<{ I=2:ID }%>
%<{ numOfSelectedItems=5:int }%>
%<{ numInShopCart=1:int }%>
%<{ cartCurrency="$":String }%>
%<{ cartTotal="$801.98":String }%>
%<{ numInCompareCart=0:int }%>
%<{ selectedProduct=-1:int }%>
%<{ catalogContents=> }%>
%>
%<S "O:Array"
%<P
%<{ I=3:ID }%>
%<{ elem=3:int }%>
%<{ elem=2:int }%>
%<{ elem=7:int }%>
%<{ elem=4:int }%>
%<{ elem=16:int }%>
%>
%>
%<P
%<{ shoppingCartContents=> }%>
%>
%<S "O:Array"
%<P
%<{ I=4:ID }%>
%<{ elem=17:int }%>
%>
%>
%<P
%<{ compareCartContents=> }%>
%>
%<S "O:Array"
%<P
%<{ I=5:ID }%>
%>
%>
%>
%>
%<S -60:1384863721446 "E"
%<S "O:eu.fittest.actionscript.automation::RecordEvent"
%<P
%<{ I=0:ID }%>
%<{ targetID="HID_IDY_priceSlider_0_4_1_button":String }%>
%<{ type="click":String }%>
%<{ args=> }%>
%>
%<S "O:Array"
%<P
%<{ I=1:ID }%>
%>
%>
%>
%<S "O:AppAbstractState"
%<P
%<{ I=2:ID }%>
%<{ numOfSelectedItems=5:int }%>
%<{ numInShopCart=1:int }%>
%<{ cartCurrency="$":String }%>
%<{ cartTotal="$801.98":String }%>
%<{ numInCompareCart=0:int }%>
%<{ selectedProduct=-1:int }%>
%<{ catalogContents=> }%>
%>
%<S "O:Array"
%<P
%<{ I=3:ID }%>
%<{ elem=3:int }%>
%<{ elem=2:int }%>
%<{ elem=7:int }%>
%<{ elem=4:int }%>
%<{ elem=16:int }%>
%>
%>
%<P
%<{ shoppingCartContents=> }%>
%>
%<S "O:Array"
%<P
%<{ I=4:ID }%>
%<{ elem=17:int }%>
%>
%>
%<P
%<{ compareCartContents=> }%>
%>
%<S "O:Array"
%<P
%<{ I=5:ID }%>
%>
%>
%>
%>
%<S -60:1384863733098 "E"
%<S "O:eu.fittest.actionscript.automation::RecordEvent"
%<P
%<{ I=0:ID }%>
%<{ targetID="IDY_details_16":String }%>
%<{ type="click":String }%>
%<{ args=> }%>
%>
%<S "O:Array"
%<P
%<{ I=1:ID }%>
%>
%>
%>
%<S "O:AppAbstractState"
%<P
%<{ I=2:ID }%>
%<{ numOfSelectedItems=5:int }%>
%<{ numInShopCart=1:int }%>
%<{ cartCurrency="$":String }%>
%<{ cartTotal="$801.98":String }%>
%<{ numInCompareCart=0:int }%>
%<{ selectedProduct=-1:int }%>
%<{ catalogContents=> }%>
%>
%<S "O:Array"
%<P
%<{ I=3:ID }%>
%<{ elem=3:int }%>
%<{ elem=2:int }%>
%<{ elem=7:int }%>
%<{ elem=4:int }%>
%<{ elem=16:int }%>
%>
%>
%<P
%<{ shoppingCartContents=> }%>
%>
%<S "O:Array"
%<P
%<{ I=4:ID }%>
%<{ elem=17:int }%>
%>
%>
%<P
%<{ compareCartContents=> }%>
%>
%<S "O:Array"
%<P
%<{ I=5:ID }%>
%>
%>
%>
%>
%<S -60:1384863733099 "E"
%<S "O:eu.fittest.actionscript.automation::RecordEvent"
%<P
%<{ I=0:ID }%>
%<{ targetID="IDY_cancas_16":String }%>
%<{ type="click":String }%>
%<{ args=> }%>
%>
%<S "O:Array"
%<P
%<{ I=1:ID }%>
%>
%>
%>
%<S "O:AppAbstractState"
%<P
%<{ I=2:ID }%>
%<{ numOfSelectedItems=5:int }%>
%<{ numInShopCart=1:int }%>
%<{ cartCurrency="$":String }%>
%<{ cartTotal="$801.98":String }%>
%<{ numInCompareCart=0:int }%>
%<{ selectedProduct=-1:int }%>
%<{ catalogContents=> }%>
%>
%<S "O:Array"
%<P
%<{ I=3:ID }%>
%<{ elem=3:int }%>
%<{ elem=2:int }%>
%<{ elem=7:int }%>
%<{ elem=4:int }%>
%<{ elem=16:int }%>
%>
%>
%<P
%<{ shoppingCartContents=> }%>
%>
%<S "O:Array"
%<P
%<{ I=4:ID }%>
%<{ elem=17:int }%>
%>
%>
%<P
%<{ compareCartContents=> }%>
%>
%<S "O:Array"
%<P
%<{ I=5:ID }%>
%>
%>
%>
%>
%<S -60:1384863751262 "E"
%<S "O:eu.fittest.actionscript.automation::RecordEvent"
%<P
%<{ I=0:ID }%>
%<{ targetID="IDY_cancas_7":String }%>
%<{ type="click":String }%>
%<{ args=> }%>
%>
%<S "O:Array"
%<P
%<{ I=1:ID }%>
%>
%>
%>
%<S "O:AppAbstractState"
%<P
%<{ I=2:ID }%>
%<{ numOfSelectedItems=5:int }%>
%<{ numInShopCart=1:int }%>
%<{ cartCurrency="$":String }%>
%<{ cartTotal="$801.98":String }%>
%<{ numInCompareCart=0:int }%>
%<{ selectedProduct=7:int }%>
%<{ catalogContents=> }%>
%>
%<S "O:Array"
%<P
%<{ I=3:ID }%>
%<{ elem=3:int }%>
%<{ elem=2:int }%>
%<{ elem=7:int }%>
%<{ elem=4:int }%>
%<{ elem=16:int }%>
%>
%>
%<P
%<{ shoppingCartContents=> }%>
%>
%<S "O:Array"
%<P
%<{ I=4:ID }%>
%<{ elem=17:int }%>
%>
%>
%<P
%<{ compareCartContents=> }%>
%>
%<S "O:Array"
%<P
%<{ I=5:ID }%>
%>
%>
%>
%>
%<S -60:1384863757268 "E"
%<S "O:eu.fittest.actionscript.automation::RecordEvent"
%<P
%<{ I=0:ID }%>
%<{ targetID="IDY_textFeature_4":String }%>
%<{ type="click":String }%>
%<{ args=> }%>
%>
%<S "O:Array"
%<P
%<{ I=1:ID }%>
%>
%>
%>
%<S "O:AppAbstractState"
%<P
%<{ I=2:ID }%>
%<{ numOfSelectedItems=5:int }%>
%<{ numInShopCart=1:int }%>
%<{ cartCurrency="$":String }%>
%<{ cartTotal="$801.98":String }%>
%<{ numInCompareCart=0:int }%>
%<{ selectedProduct=7:int }%>
%<{ catalogContents=> }%>
%>
%<S "O:Array"
%<P
%<{ I=3:ID }%>
%<{ elem=3:int }%>
%<{ elem=2:int }%>
%<{ elem=7:int }%>
%<{ elem=4:int }%>
%<{ elem=16:int }%>
%>
%>
%<P
%<{ shoppingCartContents=> }%>
%>
%<S "O:Array"
%<P
%<{ I=4:ID }%>
%<{ elem=17:int }%>
%>
%>
%<P
%<{ compareCartContents=> }%>
%>
%<S "O:Array"
%<P
%<{ I=5:ID }%>
%>
%>
%>
%>
%<S -60:1384863757270 "E"
%<S "O:eu.fittest.actionscript.automation::RecordEvent"
%<P
%<{ I=0:ID }%>
%<{ targetID="IDY_cancas_4":String }%>
%<{ type="click":String }%>
%<{ args=> }%>
%>
%<S "O:Array"
%<P
%<{ I=1:ID }%>
%>
%>
%>
%<S "O:AppAbstractState"
%<P
%<{ I=2:ID }%>
%<{ numOfSelectedItems=5:int }%>
%<{ numInShopCart=1:int }%>
%<{ cartCurrency="$":String }%>
%<{ cartTotal="$801.98":String }%>
%<{ numInCompareCart=0:int }%>
%<{ selectedProduct=4:int }%>
%<{ catalogContents=> }%>
%>
%<S "O:Array"
%<P
%<{ I=3:ID }%>
%<{ elem=3:int }%>
%<{ elem=2:int }%>
%<{ elem=7:int }%>
%<{ elem=4:int }%>
%<{ elem=16:int }%>
%>
%>
%<P
%<{ shoppingCartContents=> }%>
%>
%<S "O:Array"
%<P
%<{ I=4:ID }%>
%<{ elem=17:int }%>
%>
%>
%<P
%<{ compareCartContents=> }%>
%>
%<S "O:Array"
%<P
%<{ I=5:ID }%>
%>
%>
%>
%>
%<S -60:1384863765254 "E"
%<S "O:eu.fittest.actionscript.automation::RecordEvent"
%<P
%<{ I=0:ID }%>
%<{ targetID="IDY_cancas_3":String }%>
%<{ type="click":String }%>
%<{ args=> }%>
%>
%<S "O:Array"
%<P
%<{ I=1:ID }%>
%>
%>
%>
%<S "O:AppAbstractState"
%<P
%<{ I=2:ID }%>
%<{ numOfSelectedItems=5:int }%>
%<{ numInShopCart=1:int }%>
%<{ cartCurrency="$":String }%>
%<{ cartTotal="$801.98":String }%>
%<{ numInCompareCart=0:int }%>
%<{ selectedProduct=3:int }%>
%<{ catalogContents=> }%>
%>
%<S "O:Array"
%<P
%<{ I=3:ID }%>
%<{ elem=3:int }%>
%<{ elem=2:int }%>
%<{ elem=7:int }%>
%<{ elem=4:int }%>
%<{ elem=16:int }%>
%>
%>
%<P
%<{ shoppingCartContents=> }%>
%>
%<S "O:Array"
%<P
%<{ I=4:ID }%>
%<{ elem=17:int }%>
%>
%>
%<P
%<{ compareCartContents=> }%>
%>
%<S "O:Array"
%<P
%<{ I=5:ID }%>
%>
%>
%>
%>
%<S -60:1384863776908 "E"
%<S "O:eu.fittest.actionscript.automation::RecordEvent"
%<P
%<{ I=0:ID }%>
%<{ targetID="IDY_img_16":String }%>
%<{ type="click":String }%>
%<{ args=> }%>
%>
%<S "O:Array"
%<P
%<{ I=1:ID }%>
%>
%>
%>
%<S "O:AppAbstractState"
%<P
%<{ I=2:ID }%>
%<{ numOfSelectedItems=5:int }%>
%<{ numInShopCart=1:int }%>
%<{ cartCurrency="$":String }%>
%<{ cartTotal="$801.98":String }%>
%<{ numInCompareCart=0:int }%>
%<{ selectedProduct=3:int }%>
%<{ catalogContents=> }%>
%>
%<S "O:Array"
%<P
%<{ I=3:ID }%>
%<{ elem=3:int }%>
%<{ elem=2:int }%>
%<{ elem=7:int }%>
%<{ elem=4:int }%>
%<{ elem=16:int }%>
%>
%>
%<P
%<{ shoppingCartContents=> }%>
%>
%<S "O:Array"
%<P
%<{ I=4:ID }%>
%<{ elem=17:int }%>
%>
%>
%<P
%<{ compareCartContents=> }%>
%>
%<S "O:Array"
%<P
%<{ I=5:ID }%>
%>
%>
%>
%>
%<S -60:1384863776910 "E"
%<S "O:eu.fittest.actionscript.automation::RecordEvent"
%<P
%<{ I=0:ID }%>
%<{ targetID="IDY_cancas_16":String }%>
%<{ type="click":String }%>
%<{ args=> }%>
%>
%<S "O:Array"
%<P
%<{ I=1:ID }%>
%>
%>
%>
%<S "O:AppAbstractState"
%<P
%<{ I=2:ID }%>
%<{ numOfSelectedItems=5:int }%>
%<{ numInShopCart=1:int }%>
%<{ cartCurrency="$":String }%>
%<{ cartTotal="$801.98":String }%>
%<{ numInCompareCart=0:int }%>
%<{ selectedProduct=16:int }%>
%<{ catalogContents=> }%>
%>
%<S "O:Array"
%<P
%<{ I=3:ID }%>
%<{ elem=3:int }%>
%<{ elem=2:int }%>
%<{ elem=7:int }%>
%<{ elem=4:int }%>
%<{ elem=16:int }%>
%>
%>
%<P
%<{ shoppingCartContents=> }%>
%>
%<S "O:Array"
%<P
%<{ I=4:ID }%>
%<{ elem=17:int }%>
%>
%>
%<P
%<{ compareCartContents=> }%>
%>
%<S "O:Array"
%<P
%<{ I=5:ID }%>
%>
%>
%>
%>
%<S -60:1384863782171 "E"
%<S "O:eu.fittest.actionscript.automation::RecordEvent"
%<P
%<{ I=0:ID }%>
%<{ targetID="IDY_purchase_this":String }%>
%<{ type="click":String }%>
%<{ args=> }%>
%>
%<S "O:Array"
%<P
%<{ I=1:ID }%>
%>
%>
%>
%<S "O:AppAbstractState"
%<P
%<{ I=2:ID }%>
%<{ numOfSelectedItems=5:int }%>
%<{ numInShopCart=2:int }%>
%<{ cartCurrency="$":String }%>
%<{ cartTotal="$1,402.97":String }%>
%<{ numInCompareCart=0:int }%>
%<{ selectedProduct=16:int }%>
%<{ catalogContents=> }%>
%>
%<S "O:Array"
%<P
%<{ I=3:ID }%>
%<{ elem=3:int }%>
%<{ elem=2:int }%>
%<{ elem=7:int }%>
%<{ elem=4:int }%>
%<{ elem=16:int }%>
%>
%>
%<P
%<{ shoppingCartContents=> }%>
%>
%<S "O:Array"
%<P
%<{ I=4:ID }%>
%<{ elem=17:int }%>
%<{ elem=16:int }%>
%>
%>
%<P
%<{ compareCartContents=> }%>
%>
%<S "O:Array"
%<P
%<{ I=5:ID }%>
%>
%>
%>
%>
%<S -60:1384863787207 "E"
%<S "O:eu.fittest.actionscript.automation::RecordEvent"
%<P
%<{ I=0:ID }%>
%<{ targetID="IDY_remove_shoppingCart_17":String }%>
%<{ type="click":String }%>
%<{ args=> }%>
%>
%<S "O:Array"
%<P
%<{ I=1:ID }%>
%>
%>
%>
%<S "O:AppAbstractState"
%<P
%<{ I=2:ID }%>
%<{ numOfSelectedItems=5:int }%>
%<{ numInShopCart=1:int }%>
%<{ cartCurrency="$":String }%>
%<{ cartTotal="$600.99":String }%>
%<{ numInCompareCart=0:int }%>
%<{ selectedProduct=16:int }%>
%<{ catalogContents=> }%>
%>
%<S "O:Array"
%<P
%<{ I=3:ID }%>
%<{ elem=3:int }%>
%<{ elem=2:int }%>
%<{ elem=7:int }%>
%<{ elem=4:int }%>
%<{ elem=16:int }%>
%>
%>
%<P
%<{ shoppingCartContents=> }%>
%>
%<S "O:Array"
%<P
%<{ I=4:ID }%>
%<{ elem=16:int }%>
%>
%>
%<P
%<{ compareCartContents=> }%>
%>
%<S "O:Array"
%<P
%<{ I=5:ID }%>
%>
%>
%>
%>
%<S -60:1384863792252 "E"
%<S "O:eu.fittest.actionscript.automation::RecordEvent"
%<P
%<{ I=0:ID }%>
%<{ targetID="IDY_img_7":String }%>
%<{ type="click":String }%>
%<{ args=> }%>
%>
%<S "O:Array"
%<P
%<{ I=1:ID }%>
%>
%>
%>
%<S "O:AppAbstractState"
%<P
%<{ I=2:ID }%>
%<{ numOfSelectedItems=5:int }%>
%<{ numInShopCart=1:int }%>
%<{ cartCurrency="$":String }%>
%<{ cartTotal="$600.99":String }%>
%<{ numInCompareCart=0:int }%>
%<{ selectedProduct=16:int }%>
%<{ catalogContents=> }%>
%>
%<S "O:Array"
%<P
%<{ I=3:ID }%>
%<{ elem=3:int }%>
%<{ elem=2:int }%>
%<{ elem=7:int }%>
%<{ elem=4:int }%>
%<{ elem=16:int }%>
%>
%>
%<P
%<{ shoppingCartContents=> }%>
%>
%<S "O:Array"
%<P
%<{ I=4:ID }%>
%<{ elem=16:int }%>
%>
%>
%<P
%<{ compareCartContents=> }%>
%>
%<S "O:Array"
%<P
%<{ I=5:ID }%>
%>
%>
%>
%>
%<S -60:1384863792253 "E"
%<S "O:eu.fittest.actionscript.automation::RecordEvent"
%<P
%<{ I=0:ID }%>
%<{ targetID="IDY_cancas_7":String }%>
%<{ type="click":String }%>
%<{ args=> }%>
%>
%<S "O:Array"
%<P
%<{ I=1:ID }%>
%>
%>
%>
%<S "O:AppAbstractState"
%<P
%<{ I=2:ID }%>
%<{ numOfSelectedItems=5:int }%>
%<{ numInShopCart=1:int }%>
%<{ cartCurrency="$":String }%>
%<{ cartTotal="$600.99":String }%>
%<{ numInCompareCart=0:int }%>
%<{ selectedProduct=7:int }%>
%<{ catalogContents=> }%>
%>
%<S "O:Array"
%<P
%<{ I=3:ID }%>
%<{ elem=3:int }%>
%<{ elem=2:int }%>
%<{ elem=7:int }%>
%<{ elem=4:int }%>
%<{ elem=16:int }%>
%>
%>
%<P
%<{ shoppingCartContents=> }%>
%>
%<S "O:Array"
%<P
%<{ I=4:ID }%>
%<{ elem=16:int }%>
%>
%>
%<P
%<{ compareCartContents=> }%>
%>
%<S "O:Array"
%<P
%<{ I=5:ID }%>
%>
%>
%>
%>
%<S -60:1384863799828 "E"
%<S "O:eu.fittest.actionscript.automation::RecordEvent"
%<P
%<{ I=0:ID }%>
%<{ targetID="IDY_purchase_this":String }%>
%<{ type="click":String }%>
%<{ args=> }%>
%>
%<S "O:Array"
%<P
%<{ I=1:ID }%>
%>
%>
%>
%<S "O:AppAbstractState"
%<P
%<{ I=2:ID }%>
%<{ numOfSelectedItems=5:int }%>
%<{ numInShopCart=2:int }%>
%<{ cartCurrency="$":String }%>
%<{ cartTotal="$902.97":String }%>
%<{ numInCompareCart=0:int }%>
%<{ selectedProduct=7:int }%>
%<{ catalogContents=> }%>
%>
%<S "O:Array"
%<P
%<{ I=3:ID }%>
%<{ elem=3:int }%>
%<{ elem=2:int }%>
%<{ elem=7:int }%>
%<{ elem=4:int }%>
%<{ elem=16:int }%>
%>
%>
%<P
%<{ shoppingCartContents=> }%>
%>
%<S "O:Array"
%<P
%<{ I=4:ID }%>
%<{ elem=16:int }%>
%<{ elem=7:int }%>
%>
%>
%<P
%<{ compareCartContents=> }%>
%>
%<S "O:Array"
%<P
%<{ I=5:ID }%>
%>
%>
%>
%>
%<S -60:1384863812438 "E"
%<S "O:eu.fittest.actionscript.automation::RecordEvent"
%<P
%<{ I=0:ID }%>
%<{ targetID="IDY_submit_order":String }%>
%<{ type="click":String }%>
%<{ args=> }%>
%>
%<S "O:Array"
%<P
%<{ I=1:ID }%>
%>
%>
%>
%<S "O:AppAbstractState"
%<P
%<{ I=2:ID }%>
%<{ numOfSelectedItems=5:int }%>
%<{ numInShopCart=2:int }%>
%<{ cartCurrency="$":String }%>
%<{ cartTotal="$902.97":String }%>
%<{ numInCompareCart=0:int }%>
%<{ selectedProduct=7:int }%>
%<{ catalogContents=> }%>
%>
%<S "O:Array"
%<P
%<{ I=3:ID }%>
%<{ elem=3:int }%>
%<{ elem=2:int }%>
%<{ elem=7:int }%>
%<{ elem=4:int }%>
%<{ elem=16:int }%>
%>
%>
%<P
%<{ shoppingCartContents=> }%>
%>
%<S "O:Array"
%<P
%<{ I=4:ID }%>
%<{ elem=16:int }%>
%<{ elem=7:int }%>
%>
%>
%<P
%<{ compareCartContents=> }%>
%>
%<S "O:Array"
%<P
%<{ I=5:ID }%>
%>
%>
%>
%>
%<S -60:1384863814748 "E"
%<S "O:eu.fittest.actionscript.automation::RecordEvent"
%<P
%<{ I=0:ID }%>
%<{ targetID="OK":String }%>
%<{ type="click":String }%>
%<{ args=> }%>
%>
%<S "O:Array"
%<P
%<{ I=1:ID }%>
%>
%>
%>
%<S "O:AppAbstractState"
%<P
%<{ I=2:ID }%>
%<{ numOfSelectedItems=5:int }%>
%<{ numInShopCart=2:int }%>
%<{ cartCurrency="$":String }%>
%<{ cartTotal="$902.97":String }%>
%<{ numInCompareCart=0:int }%>
%<{ selectedProduct=7:int }%>
%<{ catalogContents=> }%>
%>
%<S "O:Array"
%<P
%<{ I=3:ID }%>
%<{ elem=3:int }%>
%<{ elem=2:int }%>
%<{ elem=7:int }%>
%<{ elem=4:int }%>
%<{ elem=16:int }%>
%>
%>
%<P
%<{ shoppingCartContents=> }%>
%>
%<S "O:Array"
%<P
%<{ I=4:ID }%>
%<{ elem=16:int }%>
%<{ elem=7:int }%>
%>
%>
%<P
%<{ compareCartContents=> }%>
%>
%<S "O:Array"
%<P
%<{ I=5:ID }%>
%>
%>
%>
%>
